20:43:39 **** Clean-only build of configuration Debug for project SysTick_Driver ****
make clean 
rm -rf  ./system/src/stm32f1-stdperiph/misc.o ./system/src/stm32f1-stdperiph/stm32f10x_gpio.o ./system/src/stm32f1-stdperiph/stm32f10x_rcc.o  ./system/src/newlib/_cxx.o ./system/src/newlib/_exit.o ./system/src/newlib/_sbrk.o ./system/src/newlib/_startup.o ./system/src/newlib/_syscalls.o ./system/src/newlib/assert.o  ./system/src/diag/Trace.o ./system/src/diag/trace_impl.o  ./system/src/cortexm/_initialize_hardware.o ./system/src/cortexm/_reset_hardware.o ./system/src/cortexm/exception_handlers.o  ./system/src/cmsis/system_stm32f10x.o ./system/src/cmsis/vectors_stm32f10x.o  ./src/Systick.o ./src/main.o  SysTick_Driver.hex  SysTick_Driver.siz  ./system/src/stm32f1-stdperiph/misc.d ./system/src/stm32f1-stdperiph/stm32f10x_gpio.d ./system/src/stm32f1-stdperiph/stm32f10x_rcc.d  ./system/src/newlib/_exit.d ./system/src/newlib/_sbrk.d ./system/src/newlib/_startup.d ./system/src/newlib/_syscalls.d ./system/src/newlib/assert.d  ./system/src/diag/Trace.d ./system/src/diag/trace_impl.d  ./system/src/cortexm/_initialize_hardware.d ./system/src/cortexm/_reset_hardware.d ./system/src/cortexm/exception_handlers.d  ./system/src/cmsis/system_stm32f10x.d ./system/src/cmsis/vectors_stm32f10x.d  ./src/Systick.d ./src/main.d  ./system/src/newlib/_cxx.d  SysTick_Driver.elf
makefile:82: recipe for target 'clean' failed
process_begin: CreateProcess(NULL, rm -rf ./system/src/stm32f1-stdperiph/misc.o ./system/src/stm32f1-stdperiph/stm32f10x_gpio.o ./system/src/stm32f1-stdperiph/stm32f10x_rcc.o ./system/src/newlib/_cxx.o ./system/src/newlib/_exit.o ./system/src/newlib/_sbrk.o ./system/src/newlib/_startup.o ./system/src/newlib/_syscalls.o ./system/src/newlib/assert.o ./system/src/diag/Trace.o ./system/src/diag/trace_impl.o ./system/src/cortexm/_initialize_hardware.o ./system/src/cortexm/_reset_hardware.o ./system/src/cortexm/exception_handlers.o ./system/src/cmsis/system_stm32f10x.o ./system/src/cmsis/vectors_stm32f10x.o ./src/Systick.o ./src/main.o SysTick_Driver.hex SysTick_Driver.siz ./system/src/stm32f1-stdperiph/misc.d ./system/src/stm32f1-stdperiph/stm32f10x_gpio.d ./system/src/stm32f1-stdperiph/stm32f10x_rcc.d ./system/src/newlib/_exit.d ./system/src/newlib/_sbrk.d ./system/src/newlib/_startup.d ./system/src/newlib/_syscalls.d ./system/src/newlib/assert.d ./system/src/diag/Trace.d ./system/src/diag/trace_impl.d ./system/src/cortexm/_initialize_hardware.d ./system/src/cortexm/_reset_hardware.d ./system/src/cortexm/exception_handlers.d ./system/src/cmsis/system_stm32f10x.d ./system/src/cmsis/vectors_stm32f10x.d ./src/Systick.d ./src/main.d ./system/src/newlib/_cxx.d SysTick_Driver.elf, ...) failed.
make (e=2): The system cannot find the file specified.

make: [clean] Error 2 (ignored)
' '
20:44:22 **** Incremental Build of configuration Debug for project SCHEDULER_Driver ****
make all 
'Building file: ../system/src/stm32f1-stdperiph/misc.c'
'Invoking: GNU ARM Cross C Compiler'
arm-none-eabi-gcc -mcpu=cortex-m3 -mthumb -Og -fmessage-length=0 -fsigned-char -ffunction-sections -fdata-sections -ffreestanding -fno-move-loop-invariants -Wall -Wextra  -g3 -DDEBUG -DUSE_FULL_ASSERT -DTRACE -DOS_USE_TRACE_SEMIHOSTING_DEBUG -DSTM32F10X_MD -DUSE_STDPERIPH_DRIVER -DHSE_VALUE=8000000 -I"../include" -I"../system/include" -I"../system/include/cmsis" -I"../system/include/stm32f1-stdperiph" -std=gnu11 -MMD -MP -MF"system/src/stm32f1-stdperiph/misc.d" -MT"system/src/stm32f1-stdperiph/misc.o" -c -o "system/src/stm32f1-stdperiph/misc.o" "../system/src/stm32f1-stdperiph/misc.c"
'Finished building: ../system/src/stm32f1-stdperiph/misc.c'
' '
'Building file: ../system/src/stm32f1-stdperiph/stm32f10x_gpio.c'
'Invoking: GNU ARM Cross C Compiler'
arm-none-eabi-gcc -mcpu=cortex-m3 -mthumb -Og -fmessage-length=0 -fsigned-char -ffunction-sections -fdata-sections -ffreestanding -fno-move-loop-invariants -Wall -Wextra  -g3 -DDEBUG -DUSE_FULL_ASSERT -DTRACE -DOS_USE_TRACE_SEMIHOSTING_DEBUG -DSTM32F10X_MD -DUSE_STDPERIPH_DRIVER -DHSE_VALUE=8000000 -I"../include" -I"../system/include" -I"../system/include/cmsis" -I"../system/include/stm32f1-stdperiph" -std=gnu11 -MMD -MP -MF"system/src/stm32f1-stdperiph/stm32f10x_gpio.d" -MT"system/src/stm32f1-stdperiph/stm32f10x_gpio.o" -c -o "system/src/stm32f1-stdperiph/stm32f10x_gpio.o" "../system/src/stm32f1-stdperiph/stm32f10x_gpio.c"
'Finished building: ../system/src/stm32f1-stdperiph/stm32f10x_gpio.c'
' '
'Building file: ../system/src/stm32f1-stdperiph/stm32f10x_rcc.c'
'Invoking: GNU ARM Cross C Compiler'
arm-none-eabi-gcc -mcpu=cortex-m3 -mthumb -Og -fmessage-length=0 -fsigned-char -ffunction-sections -fdata-sections -ffreestanding -fno-move-loop-invariants -Wall -Wextra  -g3 -DDEBUG -DUSE_FULL_ASSERT -DTRACE -DOS_USE_TRACE_SEMIHOSTING_DEBUG -DSTM32F10X_MD -DUSE_STDPERIPH_DRIVER -DHSE_VALUE=8000000 -I"../include" -I"../system/include" -I"../system/include/cmsis" -I"../system/include/stm32f1-stdperiph" -std=gnu11 -MMD -MP -MF"system/src/stm32f1-stdperiph/stm32f10x_rcc.d" -MT"system/src/stm32f1-stdperiph/stm32f10x_rcc.o" -c -o "system/src/stm32f1-stdperiph/stm32f10x_rcc.o" "../system/src/stm32f1-stdperiph/stm32f10x_rcc.c"
'Finished building: ../system/src/stm32f1-stdperiph/stm32f10x_rcc.c'
' '
'Building file: ../system/src/newlib/_cxx.cpp'
'Invoking: GNU ARM Cross C++ Compiler'
arm-none-eabi-g++ -mcpu=cortex-m3 -mthumb -Og -fmessage-length=0 -fsigned-char -ffunction-sections -fdata-sections -ffreestanding -fno-move-loop-invariants -Wall -Wextra  -g3 -DDEBUG -DUSE_FULL_ASSERT -DTRACE -DOS_USE_TRACE_SEMIHOSTING_DEBUG -DSTM32F10X_MD -DUSE_STDPERIPH_DRIVER -DHSE_VALUE=8000000 -I"../include" -I"../system/include" -I"../system/include/cmsis" -I"../system/include/stm32f1-stdperiph" -std=gnu++11 -fabi-version=0 -fno-exceptions -fno-rtti -fno-use-cxa-atexit -fno-threadsafe-statics -MMD -MP -MF"system/src/newlib/_cxx.d" -MT"system/src/newlib/_cxx.o" -c -o "system/src/newlib/_cxx.o" "../system/src/newlib/_cxx.cpp"
'Finished building: ../system/src/newlib/_cxx.cpp'
' '
'Building file: ../system/src/newlib/_exit.c'
'Invoking: GNU ARM Cross C Compiler'
arm-none-eabi-gcc -mcpu=cortex-m3 -mthumb -Og -fmessage-length=0 -fsigned-char -ffunction-sections -fdata-sections -ffreestanding -fno-move-loop-invariants -Wall -Wextra  -g3 -DDEBUG -DUSE_FULL_ASSERT -DTRACE -DOS_USE_TRACE_SEMIHOSTING_DEBUG -DSTM32F10X_MD -DUSE_STDPERIPH_DRIVER -DHSE_VALUE=8000000 -I"../include" -I"../system/include" -I"../system/include/cmsis" -I"../system/include/stm32f1-stdperiph" -std=gnu11 -MMD -MP -MF"system/src/newlib/_exit.d" -MT"system/src/newlib/_exit.o" -c -o "system/src/newlib/_exit.o" "../system/src/newlib/_exit.c"
'Finished building: ../system/src/newlib/_exit.c'
' '
'Building file: ../system/src/newlib/_sbrk.c'
'Invoking: GNU ARM Cross C Compiler'
arm-none-eabi-gcc -mcpu=cortex-m3 -mthumb -Og -fmessage-length=0 -fsigned-char -ffunction-sections -fdata-sections -ffreestanding -fno-move-loop-invariants -Wall -Wextra  -g3 -DDEBUG -DUSE_FULL_ASSERT -DTRACE -DOS_USE_TRACE_SEMIHOSTING_DEBUG -DSTM32F10X_MD -DUSE_STDPERIPH_DRIVER -DHSE_VALUE=8000000 -I"../include" -I"../system/include" -I"../system/include/cmsis" -I"../system/include/stm32f1-stdperiph" -std=gnu11 -MMD -MP -MF"system/src/newlib/_sbrk.d" -MT"system/src/newlib/_sbrk.o" -c -o "system/src/newlib/_sbrk.o" "../system/src/newlib/_sbrk.c"
'Finished building: ../system/src/newlib/_sbrk.c'
' '
'Building file: ../system/src/newlib/_startup.c'
'Invoking: GNU ARM Cross C Compiler'
arm-none-eabi-gcc -mcpu=cortex-m3 -mthumb -Og -fmessage-length=0 -fsigned-char -ffunction-sections -fdata-sections -ffreestanding -fno-move-loop-invariants -Wall -Wextra  -g3 -DDEBUG -DUSE_FULL_ASSERT -DTRACE -DOS_USE_TRACE_SEMIHOSTING_DEBUG -DSTM32F10X_MD -DUSE_STDPERIPH_DRIVER -DHSE_VALUE=8000000 -I"../include" -I"../system/include" -I"../system/include/cmsis" -I"../system/include/stm32f1-stdperiph" -std=gnu11 -MMD -MP -MF"system/src/newlib/_startup.d" -MT"system/src/newlib/_startup.o" -c -o "system/src/newlib/_startup.o" "../system/src/newlib/_startup.c"
'Finished building: ../system/src/newlib/_startup.c'
' '
'Building file: ../system/src/newlib/_syscalls.c'
'Invoking: GNU ARM Cross C Compiler'
arm-none-eabi-gcc -mcpu=cortex-m3 -mthumb -Og -fmessage-length=0 -fsigned-char -ffunction-sections -fdata-sections -ffreestanding -fno-move-loop-invariants -Wall -Wextra  -g3 -DDEBUG -DUSE_FULL_ASSERT -DTRACE -DOS_USE_TRACE_SEMIHOSTING_DEBUG -DSTM32F10X_MD -DUSE_STDPERIPH_DRIVER -DHSE_VALUE=8000000 -I"../include" -I"../system/include" -I"../system/include/cmsis" -I"../system/include/stm32f1-stdperiph" -std=gnu11 -MMD -MP -MF"system/src/newlib/_syscalls.d" -MT"system/src/newlib/_syscalls.o" -c -o "system/src/newlib/_syscalls.o" "../system/src/newlib/_syscalls.c"
'Finished building: ../system/src/newlib/_syscalls.c'
' '
'Building file: ../system/src/newlib/assert.c'
'Invoking: GNU ARM Cross C Compiler'
arm-none-eabi-gcc -mcpu=cortex-m3 -mthumb -Og -fmessage-length=0 -fsigned-char -ffunction-sections -fdata-sections -ffreestanding -fno-move-loop-invariants -Wall -Wextra  -g3 -DDEBUG -DUSE_FULL_ASSERT -DTRACE -DOS_USE_TRACE_SEMIHOSTING_DEBUG -DSTM32F10X_MD -DUSE_STDPERIPH_DRIVER -DHSE_VALUE=8000000 -I"../include" -I"../system/include" -I"../system/include/cmsis" -I"../system/include/stm32f1-stdperiph" -std=gnu11 -MMD -MP -MF"system/src/newlib/assert.d" -MT"system/src/newlib/assert.o" -c -o "system/src/newlib/assert.o" "../system/src/newlib/assert.c"
'Finished building: ../system/src/newlib/assert.c'
' '
'Building file: ../system/src/diag/Trace.c'
'Invoking: GNU ARM Cross C Compiler'
arm-none-eabi-gcc -mcpu=cortex-m3 -mthumb -Og -fmessage-length=0 -fsigned-char -ffunction-sections -fdata-sections -ffreestanding -fno-move-loop-invariants -Wall -Wextra  -g3 -DDEBUG -DUSE_FULL_ASSERT -DTRACE -DOS_USE_TRACE_SEMIHOSTING_DEBUG -DSTM32F10X_MD -DUSE_STDPERIPH_DRIVER -DHSE_VALUE=8000000 -I"../include" -I"../system/include" -I"../system/include/cmsis" -I"../system/include/stm32f1-stdperiph" -std=gnu11 -MMD -MP -MF"system/src/diag/Trace.d" -MT"system/src/diag/Trace.o" -c -o "system/src/diag/Trace.o" "../system/src/diag/Trace.c"
'Finished building: ../system/src/diag/Trace.c'
' '
'Building file: ../system/src/diag/trace_impl.c'
'Invoking: GNU ARM Cross C Compiler'
arm-none-eabi-gcc -mcpu=cortex-m3 -mthumb -Og -fmessage-length=0 -fsigned-char -ffunction-sections -fdata-sections -ffreestanding -fno-move-loop-invariants -Wall -Wextra  -g3 -DDEBUG -DUSE_FULL_ASSERT -DTRACE -DOS_USE_TRACE_SEMIHOSTING_DEBUG -DSTM32F10X_MD -DUSE_STDPERIPH_DRIVER -DHSE_VALUE=8000000 -I"../include" -I"../system/include" -I"../system/include/cmsis" -I"../system/include/stm32f1-stdperiph" -std=gnu11 -MMD -MP -MF"system/src/diag/trace_impl.d" -MT"system/src/diag/trace_impl.o" -c -o "system/src/diag/trace_impl.o" "../system/src/diag/trace_impl.c"
'Finished building: ../system/src/diag/trace_impl.c'
' '
'Building file: ../system/src/cortexm/_initialize_hardware.c'
'Invoking: GNU ARM Cross C Compiler'
arm-none-eabi-gcc -mcpu=cortex-m3 -mthumb -Og -fmessage-length=0 -fsigned-char -ffunction-sections -fdata-sections -ffreestanding -fno-move-loop-invariants -Wall -Wextra  -g3 -DDEBUG -DUSE_FULL_ASSERT -DTRACE -DOS_USE_TRACE_SEMIHOSTING_DEBUG -DSTM32F10X_MD -DUSE_STDPERIPH_DRIVER -DHSE_VALUE=8000000 -I"../include" -I"../system/include" -I"../system/include/cmsis" -I"../system/include/stm32f1-stdperiph" -std=gnu11 -MMD -MP -MF"system/src/cortexm/_initialize_hardware.d" -MT"system/src/cortexm/_initialize_hardware.o" -c -o "system/src/cortexm/_initialize_hardware.o" "../system/src/cortexm/_initialize_hardware.c"
'Finished building: ../system/src/cortexm/_initialize_hardware.c'
' '
'Building file: ../system/src/cortexm/_reset_hardware.c'
'Invoking: GNU ARM Cross C Compiler'
arm-none-eabi-gcc -mcpu=cortex-m3 -mthumb -Og -fmessage-length=0 -fsigned-char -ffunction-sections -fdata-sections -ffreestanding -fno-move-loop-invariants -Wall -Wextra  -g3 -DDEBUG -DUSE_FULL_ASSERT -DTRACE -DOS_USE_TRACE_SEMIHOSTING_DEBUG -DSTM32F10X_MD -DUSE_STDPERIPH_DRIVER -DHSE_VALUE=8000000 -I"../include" -I"../system/include" -I"../system/include/cmsis" -I"../system/include/stm32f1-stdperiph" -std=gnu11 -MMD -MP -MF"system/src/cortexm/_reset_hardware.d" -MT"system/src/cortexm/_reset_hardware.o" -c -o "system/src/cortexm/_reset_hardware.o" "../system/src/cortexm/_reset_hardware.c"
'Finished building: ../system/src/cortexm/_reset_hardware.c'
' '
'Building file: ../system/src/cortexm/exception_handlers.c'
'Invoking: GNU ARM Cross C Compiler'
arm-none-eabi-gcc -mcpu=cortex-m3 -mthumb -Og -fmessage-length=0 -fsigned-char -ffunction-sections -fdata-sections -ffreestanding -fno-move-loop-invariants -Wall -Wextra  -g3 -DDEBUG -DUSE_FULL_ASSERT -DTRACE -DOS_USE_TRACE_SEMIHOSTING_DEBUG -DSTM32F10X_MD -DUSE_STDPERIPH_DRIVER -DHSE_VALUE=8000000 -I"../include" -I"../system/include" -I"../system/include/cmsis" -I"../system/include/stm32f1-stdperiph" -std=gnu11 -MMD -MP -MF"system/src/cortexm/exception_handlers.d" -MT"system/src/cortexm/exception_handlers.o" -c -o "system/src/cortexm/exception_handlers.o" "../system/src/cortexm/exception_handlers.c"
'Finished building: ../system/src/cortexm/exception_handlers.c'
' '
'Building file: ../system/src/cmsis/system_stm32f10x.c'
'Invoking: GNU ARM Cross C Compiler'
arm-none-eabi-gcc -mcpu=cortex-m3 -mthumb -Og -fmessage-length=0 -fsigned-char -ffunction-sections -fdata-sections -ffreestanding -fno-move-loop-invariants -Wall -Wextra  -g3 -DDEBUG -DUSE_FULL_ASSERT -DTRACE -DOS_USE_TRACE_SEMIHOSTING_DEBUG -DSTM32F10X_MD -DUSE_STDPERIPH_DRIVER -DHSE_VALUE=8000000 -I"../include" -I"../system/include" -I"../system/include/cmsis" -I"../system/include/stm32f1-stdperiph" -std=gnu11 -MMD -MP -MF"system/src/cmsis/system_stm32f10x.d" -MT"system/src/cmsis/system_stm32f10x.o" -c -o "system/src/cmsis/system_stm32f10x.o" "../system/src/cmsis/system_stm32f10x.c"
'Finished building: ../system/src/cmsis/system_stm32f10x.c'
' '
'Building file: ../system/src/cmsis/vectors_stm32f10x.c'
'Invoking: GNU ARM Cross C Compiler'
arm-none-eabi-gcc -mcpu=cortex-m3 -mthumb -Og -fmessage-length=0 -fsigned-char -ffunction-sections -fdata-sections -ffreestanding -fno-move-loop-invariants -Wall -Wextra  -g3 -DDEBUG -DUSE_FULL_ASSERT -DTRACE -DOS_USE_TRACE_SEMIHOSTING_DEBUG -DSTM32F10X_MD -DUSE_STDPERIPH_DRIVER -DHSE_VALUE=8000000 -I"../include" -I"../system/include" -I"../system/include/cmsis" -I"../system/include/stm32f1-stdperiph" -std=gnu11 -MMD -MP -MF"system/src/cmsis/vectors_stm32f10x.d" -MT"system/src/cmsis/vectors_stm32f10x.o" -c -o "system/src/cmsis/vectors_stm32f10x.o" "../system/src/cmsis/vectors_stm32f10x.c"
'Finished building: ../system/src/cmsis/vectors_stm32f10x.c'
' '
'Building file: ../src/SCHEDULER_program.c'
'Invoking: GNU ARM Cross C Compiler'
arm-none-eabi-gcc -mcpu=cortex-m3 -mthumb -Og -fmessage-length=0 -fsigned-char -ffunction-sections -fdata-sections -ffreestanding -fno-move-loop-invariants -Wall -Wextra  -g3 -DDEBUG -DUSE_FULL_ASSERT -DTRACE -DOS_USE_TRACE_SEMIHOSTING_DEBUG -DSTM32F10X_MD -DUSE_STDPERIPH_DRIVER -DHSE_VALUE=8000000 -I"../include" -I"../system/include" -I"../system/include/cmsis" -I"../system/include/stm32f1-stdperiph" -std=gnu11 -MMD -MP -MF"src/SCHEDULER_program.d" -MT"src/SCHEDULER_program.o" -c -o "src/SCHEDULER_program.o" "../src/SCHEDULER_program.c"
../src/SCHEDULER_program.c:12:24: error: 'MAX' undeclared here (not in a function)
 static task_t sysTasks[MAX];
                        ^~~
../src/SCHEDULER_program.c:12:15: warning: 'sysTasks' defined but not used [-Wunused-variable]
 static task_t sysTasks[MAX];
               ^~~~~~~~
src/subdir.mk:21: recipe for target 'src/SCHEDULER_program.o' failed
make: *** [src/SCHEDULER_program.o] Error 1
"make all" terminated with exit code 2. Build might be incomplete.
20:45:22 **** Incremental Build of configuration Debug for project SCHEDULER_Driver ****
make all 
'Building file: ../system/src/stm32f1-stdperiph/misc.c'
'Invoking: GNU ARM Cross C Compiler'
arm-none-eabi-gcc -mcpu=cortex-m3 -mthumb -Og -fmessage-length=0 -fsigned-char -ffunction-sections -fdata-sections -ffreestanding -fno-move-loop-invariants -Wall -Wextra  -g3 -DDEBUG -DUSE_FULL_ASSERT -DTRACE -DOS_USE_TRACE_SEMIHOSTING_DEBUG -DSTM32F10X_MD -DUSE_STDPERIPH_DRIVER -DHSE_VALUE=8000000 -I"../include" -I"../system/include" -I"../system/include/cmsis" -I"../system/include/stm32f1-stdperiph" -std=gnu11 -MMD -MP -MF"system/src/stm32f1-stdperiph/misc.d" -MT"system/src/stm32f1-stdperiph/misc.o" -c -o "system/src/stm32f1-stdperiph/misc.o" "../system/src/stm32f1-stdperiph/misc.c"
'Finished building: ../system/src/stm32f1-stdperiph/misc.c'
' '
'Building file: ../system/src/stm32f1-stdperiph/stm32f10x_gpio.c'
'Invoking: GNU ARM Cross C Compiler'
arm-none-eabi-gcc -mcpu=cortex-m3 -mthumb -Og -fmessage-length=0 -fsigned-char -ffunction-sections -fdata-sections -ffreestanding -fno-move-loop-invariants -Wall -Wextra  -g3 -DDEBUG -DUSE_FULL_ASSERT -DTRACE -DOS_USE_TRACE_SEMIHOSTING_DEBUG -DSTM32F10X_MD -DUSE_STDPERIPH_DRIVER -DHSE_VALUE=8000000 -I"../include" -I"../system/include" -I"../system/include/cmsis" -I"../system/include/stm32f1-stdperiph" -std=gnu11 -MMD -MP -MF"system/src/stm32f1-stdperiph/stm32f10x_gpio.d" -MT"system/src/stm32f1-stdperiph/stm32f10x_gpio.o" -c -o "system/src/stm32f1-stdperiph/stm32f10x_gpio.o" "../system/src/stm32f1-stdperiph/stm32f10x_gpio.c"
'Finished building: ../system/src/stm32f1-stdperiph/stm32f10x_gpio.c'
' '
'Building file: ../system/src/stm32f1-stdperiph/stm32f10x_rcc.c'
'Invoking: GNU ARM Cross C Compiler'
arm-none-eabi-gcc -mcpu=cortex-m3 -mthumb -Og -fmessage-length=0 -fsigned-char -ffunction-sections -fdata-sections -ffreestanding -fno-move-loop-invariants -Wall -Wextra  -g3 -DDEBUG -DUSE_FULL_ASSERT -DTRACE -DOS_USE_TRACE_SEMIHOSTING_DEBUG -DSTM32F10X_MD -DUSE_STDPERIPH_DRIVER -DHSE_VALUE=8000000 -I"../include" -I"../system/include" -I"../system/include/cmsis" -I"../system/include/stm32f1-stdperiph" -std=gnu11 -MMD -MP -MF"system/src/stm32f1-stdperiph/stm32f10x_rcc.d" -MT"system/src/stm32f1-stdperiph/stm32f10x_rcc.o" -c -o "system/src/stm32f1-stdperiph/stm32f10x_rcc.o" "../system/src/stm32f1-stdperiph/stm32f10x_rcc.c"
'Finished building: ../system/src/stm32f1-stdperiph/stm32f10x_rcc.c'
' '
'Building file: ../system/src/newlib/_cxx.cpp'
'Invoking: GNU ARM Cross C++ Compiler'
arm-none-eabi-g++ -mcpu=cortex-m3 -mthumb -Og -fmessage-length=0 -fsigned-char -ffunction-sections -fdata-sections -ffreestanding -fno-move-loop-invariants -Wall -Wextra  -g3 -DDEBUG -DUSE_FULL_ASSERT -DTRACE -DOS_USE_TRACE_SEMIHOSTING_DEBUG -DSTM32F10X_MD -DUSE_STDPERIPH_DRIVER -DHSE_VALUE=8000000 -I"../include" -I"../system/include" -I"../system/include/cmsis" -I"../system/include/stm32f1-stdperiph" -std=gnu++11 -fabi-version=0 -fno-exceptions -fno-rtti -fno-use-cxa-atexit -fno-threadsafe-statics -MMD -MP -MF"system/src/newlib/_cxx.d" -MT"system/src/newlib/_cxx.o" -c -o "system/src/newlib/_cxx.o" "../system/src/newlib/_cxx.cpp"
'Finished building: ../system/src/newlib/_cxx.cpp'
' '
'Building file: ../system/src/newlib/_exit.c'
'Invoking: GNU ARM Cross C Compiler'
arm-none-eabi-gcc -mcpu=cortex-m3 -mthumb -Og -fmessage-length=0 -fsigned-char -ffunction-sections -fdata-sections -ffreestanding -fno-move-loop-invariants -Wall -Wextra  -g3 -DDEBUG -DUSE_FULL_ASSERT -DTRACE -DOS_USE_TRACE_SEMIHOSTING_DEBUG -DSTM32F10X_MD -DUSE_STDPERIPH_DRIVER -DHSE_VALUE=8000000 -I"../include" -I"../system/include" -I"../system/include/cmsis" -I"../system/include/stm32f1-stdperiph" -std=gnu11 -MMD -MP -MF"system/src/newlib/_exit.d" -MT"system/src/newlib/_exit.o" -c -o "system/src/newlib/_exit.o" "../system/src/newlib/_exit.c"
'Finished building: ../system/src/newlib/_exit.c'
' '
'Building file: ../system/src/newlib/_sbrk.c'
'Invoking: GNU ARM Cross C Compiler'
arm-none-eabi-gcc -mcpu=cortex-m3 -mthumb -Og -fmessage-length=0 -fsigned-char -ffunction-sections -fdata-sections -ffreestanding -fno-move-loop-invariants -Wall -Wextra  -g3 -DDEBUG -DUSE_FULL_ASSERT -DTRACE -DOS_USE_TRACE_SEMIHOSTING_DEBUG -DSTM32F10X_MD -DUSE_STDPERIPH_DRIVER -DHSE_VALUE=8000000 -I"../include" -I"../system/include" -I"../system/include/cmsis" -I"../system/include/stm32f1-stdperiph" -std=gnu11 -MMD -MP -MF"system/src/newlib/_sbrk.d" -MT"system/src/newlib/_sbrk.o" -c -o "system/src/newlib/_sbrk.o" "../system/src/newlib/_sbrk.c"
'Finished building: ../system/src/newlib/_sbrk.c'
' '
'Building file: ../system/src/newlib/_startup.c'
'Invoking: GNU ARM Cross C Compiler'
arm-none-eabi-gcc -mcpu=cortex-m3 -mthumb -Og -fmessage-length=0 -fsigned-char -ffunction-sections -fdata-sections -ffreestanding -fno-move-loop-invariants -Wall -Wextra  -g3 -DDEBUG -DUSE_FULL_ASSERT -DTRACE -DOS_USE_TRACE_SEMIHOSTING_DEBUG -DSTM32F10X_MD -DUSE_STDPERIPH_DRIVER -DHSE_VALUE=8000000 -I"../include" -I"../system/include" -I"../system/include/cmsis" -I"../system/include/stm32f1-stdperiph" -std=gnu11 -MMD -MP -MF"system/src/newlib/_startup.d" -MT"system/src/newlib/_startup.o" -c -o "system/src/newlib/_startup.o" "../system/src/newlib/_startup.c"
'Finished building: ../system/src/newlib/_startup.c'
' '
'Building file: ../system/src/newlib/_syscalls.c'
'Invoking: GNU ARM Cross C Compiler'
arm-none-eabi-gcc -mcpu=cortex-m3 -mthumb -Og -fmessage-length=0 -fsigned-char -ffunction-sections -fdata-sections -ffreestanding -fno-move-loop-invariants -Wall -Wextra  -g3 -DDEBUG -DUSE_FULL_ASSERT -DTRACE -DOS_USE_TRACE_SEMIHOSTING_DEBUG -DSTM32F10X_MD -DUSE_STDPERIPH_DRIVER -DHSE_VALUE=8000000 -I"../include" -I"../system/include" -I"../system/include/cmsis" -I"../system/include/stm32f1-stdperiph" -std=gnu11 -MMD -MP -MF"system/src/newlib/_syscalls.d" -MT"system/src/newlib/_syscalls.o" -c -o "system/src/newlib/_syscalls.o" "../system/src/newlib/_syscalls.c"
'Finished building: ../system/src/newlib/_syscalls.c'
' '
'Building file: ../system/src/newlib/assert.c'
'Invoking: GNU ARM Cross C Compiler'
arm-none-eabi-gcc -mcpu=cortex-m3 -mthumb -Og -fmessage-length=0 -fsigned-char -ffunction-sections -fdata-sections -ffreestanding -fno-move-loop-invariants -Wall -Wextra  -g3 -DDEBUG -DUSE_FULL_ASSERT -DTRACE -DOS_USE_TRACE_SEMIHOSTING_DEBUG -DSTM32F10X_MD -DUSE_STDPERIPH_DRIVER -DHSE_VALUE=8000000 -I"../include" -I"../system/include" -I"../system/include/cmsis" -I"../system/include/stm32f1-stdperiph" -std=gnu11 -MMD -MP -MF"system/src/newlib/assert.d" -MT"system/src/newlib/assert.o" -c -o "system/src/newlib/assert.o" "../system/src/newlib/assert.c"
'Finished building: ../system/src/newlib/assert.c'
' '
'Building file: ../system/src/diag/Trace.c'
'Invoking: GNU ARM Cross C Compiler'
arm-none-eabi-gcc -mcpu=cortex-m3 -mthumb -Og -fmessage-length=0 -fsigned-char -ffunction-sections -fdata-sections -ffreestanding -fno-move-loop-invariants -Wall -Wextra  -g3 -DDEBUG -DUSE_FULL_ASSERT -DTRACE -DOS_USE_TRACE_SEMIHOSTING_DEBUG -DSTM32F10X_MD -DUSE_STDPERIPH_DRIVER -DHSE_VALUE=8000000 -I"../include" -I"../system/include" -I"../system/include/cmsis" -I"../system/include/stm32f1-stdperiph" -std=gnu11 -MMD -MP -MF"system/src/diag/Trace.d" -MT"system/src/diag/Trace.o" -c -o "system/src/diag/Trace.o" "../system/src/diag/Trace.c"
'Finished building: ../system/src/diag/Trace.c'
' '
'Building file: ../system/src/diag/trace_impl.c'
'Invoking: GNU ARM Cross C Compiler'
arm-none-eabi-gcc -mcpu=cortex-m3 -mthumb -Og -fmessage-length=0 -fsigned-char -ffunction-sections -fdata-sections -ffreestanding -fno-move-loop-invariants -Wall -Wextra  -g3 -DDEBUG -DUSE_FULL_ASSERT -DTRACE -DOS_USE_TRACE_SEMIHOSTING_DEBUG -DSTM32F10X_MD -DUSE_STDPERIPH_DRIVER -DHSE_VALUE=8000000 -I"../include" -I"../system/include" -I"../system/include/cmsis" -I"../system/include/stm32f1-stdperiph" -std=gnu11 -MMD -MP -MF"system/src/diag/trace_impl.d" -MT"system/src/diag/trace_impl.o" -c -o "system/src/diag/trace_impl.o" "../system/src/diag/trace_impl.c"
'Finished building: ../system/src/diag/trace_impl.c'
' '
'Building file: ../system/src/cortexm/_initialize_hardware.c'
'Invoking: GNU ARM Cross C Compiler'
arm-none-eabi-gcc -mcpu=cortex-m3 -mthumb -Og -fmessage-length=0 -fsigned-char -ffunction-sections -fdata-sections -ffreestanding -fno-move-loop-invariants -Wall -Wextra  -g3 -DDEBUG -DUSE_FULL_ASSERT -DTRACE -DOS_USE_TRACE_SEMIHOSTING_DEBUG -DSTM32F10X_MD -DUSE_STDPERIPH_DRIVER -DHSE_VALUE=8000000 -I"../include" -I"../system/include" -I"../system/include/cmsis" -I"../system/include/stm32f1-stdperiph" -std=gnu11 -MMD -MP -MF"system/src/cortexm/_initialize_hardware.d" -MT"system/src/cortexm/_initialize_hardware.o" -c -o "system/src/cortexm/_initialize_hardware.o" "../system/src/cortexm/_initialize_hardware.c"
'Finished building: ../system/src/cortexm/_initialize_hardware.c'
' '
'Building file: ../system/src/cortexm/_reset_hardware.c'
'Invoking: GNU ARM Cross C Compiler'
arm-none-eabi-gcc -mcpu=cortex-m3 -mthumb -Og -fmessage-length=0 -fsigned-char -ffunction-sections -fdata-sections -ffreestanding -fno-move-loop-invariants -Wall -Wextra  -g3 -DDEBUG -DUSE_FULL_ASSERT -DTRACE -DOS_USE_TRACE_SEMIHOSTING_DEBUG -DSTM32F10X_MD -DUSE_STDPERIPH_DRIVER -DHSE_VALUE=8000000 -I"../include" -I"../system/include" -I"../system/include/cmsis" -I"../system/include/stm32f1-stdperiph" -std=gnu11 -MMD -MP -MF"system/src/cortexm/_reset_hardware.d" -MT"system/src/cortexm/_reset_hardware.o" -c -o "system/src/cortexm/_reset_hardware.o" "../system/src/cortexm/_reset_hardware.c"
'Finished building: ../system/src/cortexm/_reset_hardware.c'
' '
'Building file: ../system/src/cortexm/exception_handlers.c'
'Invoking: GNU ARM Cross C Compiler'
arm-none-eabi-gcc -mcpu=cortex-m3 -mthumb -Og -fmessage-length=0 -fsigned-char -ffunction-sections -fdata-sections -ffreestanding -fno-move-loop-invariants -Wall -Wextra  -g3 -DDEBUG -DUSE_FULL_ASSERT -DTRACE -DOS_USE_TRACE_SEMIHOSTING_DEBUG -DSTM32F10X_MD -DUSE_STDPERIPH_DRIVER -DHSE_VALUE=8000000 -I"../include" -I"../system/include" -I"../system/include/cmsis" -I"../system/include/stm32f1-stdperiph" -std=gnu11 -MMD -MP -MF"system/src/cortexm/exception_handlers.d" -MT"system/src/cortexm/exception_handlers.o" -c -o "system/src/cortexm/exception_handlers.o" "../system/src/cortexm/exception_handlers.c"
'Finished building: ../system/src/cortexm/exception_handlers.c'
' '
'Building file: ../system/src/cmsis/system_stm32f10x.c'
'Invoking: GNU ARM Cross C Compiler'
arm-none-eabi-gcc -mcpu=cortex-m3 -mthumb -Og -fmessage-length=0 -fsigned-char -ffunction-sections -fdata-sections -ffreestanding -fno-move-loop-invariants -Wall -Wextra  -g3 -DDEBUG -DUSE_FULL_ASSERT -DTRACE -DOS_USE_TRACE_SEMIHOSTING_DEBUG -DSTM32F10X_MD -DUSE_STDPERIPH_DRIVER -DHSE_VALUE=8000000 -I"../include" -I"../system/include" -I"../system/include/cmsis" -I"../system/include/stm32f1-stdperiph" -std=gnu11 -MMD -MP -MF"system/src/cmsis/system_stm32f10x.d" -MT"system/src/cmsis/system_stm32f10x.o" -c -o "system/src/cmsis/system_stm32f10x.o" "../system/src/cmsis/system_stm32f10x.c"
'Finished building: ../system/src/cmsis/system_stm32f10x.c'
' '
'Building file: ../system/src/cmsis/vectors_stm32f10x.c'
'Invoking: GNU ARM Cross C Compiler'
arm-none-eabi-gcc -mcpu=cortex-m3 -mthumb -Og -fmessage-length=0 -fsigned-char -ffunction-sections -fdata-sections -ffreestanding -fno-move-loop-invariants -Wall -Wextra  -g3 -DDEBUG -DUSE_FULL_ASSERT -DTRACE -DOS_USE_TRACE_SEMIHOSTING_DEBUG -DSTM32F10X_MD -DUSE_STDPERIPH_DRIVER -DHSE_VALUE=8000000 -I"../include" -I"../system/include" -I"../system/include/cmsis" -I"../system/include/stm32f1-stdperiph" -std=gnu11 -MMD -MP -MF"system/src/cmsis/vectors_stm32f10x.d" -MT"system/src/cmsis/vectors_stm32f10x.o" -c -o "system/src/cmsis/vectors_stm32f10x.o" "../system/src/cmsis/vectors_stm32f10x.c"
'Finished building: ../system/src/cmsis/vectors_stm32f10x.c'
' '
'Building file: ../src/SCHEDULER_program.c'
'Invoking: GNU ARM Cross C Compiler'
arm-none-eabi-gcc -mcpu=cortex-m3 -mthumb -Og -fmessage-length=0 -fsigned-char -ffunction-sections -fdata-sections -ffreestanding -fno-move-loop-invariants -Wall -Wextra  -g3 -DDEBUG -DUSE_FULL_ASSERT -DTRACE -DOS_USE_TRACE_SEMIHOSTING_DEBUG -DSTM32F10X_MD -DUSE_STDPERIPH_DRIVER -DHSE_VALUE=8000000 -I"../include" -I"../system/include" -I"../system/include/cmsis" -I"../system/include/stm32f1-stdperiph" -std=gnu11 -MMD -MP -MF"src/SCHEDULER_program.d" -MT"src/SCHEDULER_program.o" -c -o "src/SCHEDULER_program.o" "../src/SCHEDULER_program.c"
../src/SCHEDULER_program.c:12:24: error: 'MAX' undeclared here (not in a function)
 static task_t sysTasks[MAX];
                        ^~~
../src/SCHEDULER_program.c:12:15: warning: 'sysTasks' defined but not used [-Wunused-variable]
 static task_t sysTasks[MAX];
               ^~~~~~~~
make: *** [src/SCHEDULER_program.o] Error 1
src/subdir.mk:21: recipe for target 'src/SCHEDULER_program.o' failed
"make all" terminated with exit code 2. Build might be incomplete.
20:45:40 **** Incremental Build of configuration Debug for project SCHEDULER_Driver ****
make all 
'Building file: ../src/SCHEDULER_program.c'
'Invoking: GNU ARM Cross C Compiler'
arm-none-eabi-gcc -mcpu=cortex-m3 -mthumb -Og -fmessage-length=0 -fsigned-char -ffunction-sections -fdata-sections -ffreestanding -fno-move-loop-invariants -Wall -Wextra  -g3 -DDEBUG -DUSE_FULL_ASSERT -DTRACE -DOS_USE_TRACE_SEMIHOSTING_DEBUG -DSTM32F10X_MD -DUSE_STDPERIPH_DRIVER -DHSE_VALUE=8000000 -I"../include" -I"../system/include" -I"../system/include/cmsis" -I"../system/include/stm32f1-stdperiph" -std=gnu11 -MMD -MP -MF"src/SCHEDULER_program.d" -MT"src/SCHEDULER_program.o" -c -o "src/SCHEDULER_program.o" "../src/SCHEDULER_program.c"
../src/SCHEDULER_program.c:13:15: warning: 'sysTasks' defined but not used [-Wunused-variable]
 static task_t sysTasks[MAX];
               ^~~~~~~~
'Finished building: ../src/SCHEDULER_program.c'
' '
'Building file: ../src/main.c'
'Invoking: GNU ARM Cross C Compiler'
arm-none-eabi-gcc -mcpu=cortex-m3 -mthumb -Og -fmessage-length=0 -fsigned-char -ffunction-sections -fdata-sections -ffreestanding -fno-move-loop-invariants -Wall -Wextra  -g3 -DDEBUG -DUSE_FULL_ASSERT -DTRACE -DOS_USE_TRACE_SEMIHOSTING_DEBUG -DSTM32F10X_MD -DUSE_STDPERIPH_DRIVER -DHSE_VALUE=8000000 -I"../include" -I"../system/include" -I"../system/include/cmsis" -I"../system/include/stm32f1-stdperiph" -std=gnu11 -MMD -MP -MF"src/main.d" -MT"src/main.o" -c -o "src/main.o" "../src/main.c"
../src/main.c: In function 'main':
../src/main.c:4:1: warning: control reaches end of non-void function [-Wreturn-type]
 }
 ^
'Finished building: ../src/main.c'
' '
'Building target: SCHEDULER_Driver.elf'
'Invoking: GNU ARM Cross C++ Linker'
arm-none-eabi-g++ -mcpu=cortex-m3 -mthumb -Og -fmessage-length=0 -fsigned-char -ffunction-sections -fdata-sections -ffreestanding -fno-move-loop-invariants -Wall -Wextra  -g3 -T mem.ld -T libs.ld -T sections.ld -nostartfiles -Xlinker --gc-sections -L"../ldscripts" -Wl,-Map,"SCHEDULER_Driver.map" --specs=nano.specs -o "SCHEDULER_Driver.elf"  ./system/src/stm32f1-stdperiph/misc.o ./system/src/stm32f1-stdperiph/stm32f10x_gpio.o ./system/src/stm32f1-stdperiph/stm32f10x_rcc.o  ./system/src/newlib/_cxx.o ./system/src/newlib/_exit.o ./system/src/newlib/_sbrk.o ./system/src/newlib/_startup.o ./system/src/newlib/_syscalls.o ./system/src/newlib/assert.o  ./system/src/diag/Trace.o ./system/src/diag/trace_impl.o  ./system/src/cortexm/_initialize_hardware.o ./system/src/cortexm/_reset_hardware.o ./system/src/cortexm/exception_handlers.o  ./system/src/cmsis/system_stm32f10x.o ./system/src/cmsis/vectors_stm32f10x.o  ./src/SCHEDULER_program.o ./src/main.o   
'Finished building target: SCHEDULER_Driver.elf'
' '
'Invoking: GNU ARM Cross Create Flash Image'
arm-none-eabi-objcopy -O ihex "SCHEDULER_Driver.elf"  "SCHEDULER_Driver.hex"
'Finished building: SCHEDULER_Driver.hex'
' '
'Invoking: GNU ARM Cross Print Size'
arm-none-eabi-size --format=berkeley "SCHEDULER_Driver.elf"
   text	   data	    bss	    dec	    hex	filename
   4407	    176	    424	   5007	   138f	SCHEDULER_Driver.elf
'Finished building: SCHEDULER_Driver.siz'
' '
21:02:14 **** Incremental Build of configuration Debug for project SCHEDULER_Driver ****
make all 
'Building file: ../src/SCHEDULER_program.c'
'Invoking: GNU ARM Cross C Compiler'
arm-none-eabi-gcc -mcpu=cortex-m3 -mthumb -Og -fmessage-length=0 -fsigned-char -ffunction-sections -fdata-sections -ffreestanding -fno-move-loop-invariants -Wall -Wextra  -g3 -DDEBUG -DUSE_FULL_ASSERT -DTRACE -DOS_USE_TRACE_SEMIHOSTING_DEBUG -DSTM32F10X_MD -DUSE_STDPERIPH_DRIVER -DHSE_VALUE=8000000 -I"../include" -I"../system/include" -I"../system/include/cmsis" -I"../system/include/stm32f1-stdperiph" -std=gnu11 -MMD -MP -MF"src/SCHEDULER_program.d" -MT"src/SCHEDULER_program.o" -c -o "src/SCHEDULER_program.o" "../src/SCHEDULER_program.c"
../src/SCHEDULER_program.c: In function 'sched_CreateTask':
../src/SCHEDULER_program.c:27:30: error: incompatible types when assigning to type 'task_t' {aka 'struct <anonymous>'} from type 'task_t *' {aka 'struct <anonymous> *'}
   sysTasks[appTask->Priority]= appTask;
                              ^
../src/SCHEDULER_program.c: At top level:
../src/SCHEDULER_program.c:32:1: warning: 'static' is not at beginning of declaration [-Wold-style-declaration]
 void static Scheduler(void)
 ^~~~
../src/SCHEDULER_program.c: In function 'Scheduler':
../src/SCHEDULER_program.c:38:26: error: invalid type argument of '->' (have 'task_t' {aka 'struct <anonymous>'})
   if(counter%(sysTasks[i]->PeriodicTime/TICK_MS))
                          ^~
At top level:
../src/SCHEDULER_program.c:32:13: warning: 'Scheduler' defined but not used [-Wunused-function]
 void static Scheduler(void)
             ^~~~~~~~~
src/subdir.mk:21: recipe for target 'src/SCHEDULER_program.o' failed
make: *** [src/SCHEDULER_program.o] Error 1
"make all" terminated with exit code 2. Build might be incomplete.
21:02:20 **** Incremental Build of configuration Debug for project SCHEDULER_Driver ****
make all 
'Building file: ../src/SCHEDULER_program.c'
'Invoking: GNU ARM Cross C Compiler'
arm-none-eabi-gcc -mcpu=cortex-m3 -mthumb -Og -fmessage-length=0 -fsigned-char -ffunction-sections -fdata-sections -ffreestanding -fno-move-loop-invariants -Wall -Wextra  -g3 -DDEBUG -DUSE_FULL_ASSERT -DTRACE -DOS_USE_TRACE_SEMIHOSTING_DEBUG -DSTM32F10X_MD -DUSE_STDPERIPH_DRIVER -DHSE_VALUE=8000000 -I"../include" -I"../system/include" -I"../system/include/cmsis" -I"../system/include/stm32f1-stdperiph" -std=gnu11 -MMD -MP -MF"src/SCHEDULER_program.d" -MT"src/SCHEDULER_program.o" -c -o "src/SCHEDULER_program.o" "../src/SCHEDULER_program.c"
../src/SCHEDULER_program.c: In function 'sched_CreateTask':
../src/SCHEDULER_program.c:27:30: error: incompatible types when assigning to type 'task_t' {aka 'struct <anonymous>'} from type 'task_t *' {aka 'struct <anonymous> *'}
   sysTasks[appTask->Priority]= appTask;
                              ^
../src/SCHEDULER_program.c: At top level:
../src/SCHEDULER_program.c:32:1: warning: 'static' is not at beginning of declaration [-Wold-style-declaration]
 void static Scheduler(void)
 ^~~~
../src/SCHEDULER_program.c: In function 'Scheduler':
../src/SCHEDULER_program.c:38:26: error: invalid type argument of '->' (have 'task_t' {aka 'struct <anonymous>'})
   if(counter%(sysTasks[i]->PeriodicTime/TICK_MS))
                          ^~
At top level:
../src/SCHEDULER_program.c:32:13: warning: 'Scheduler' defined but not used [-Wunused-function]
 void static Scheduler(void)
             ^~~~~~~~~
make: *** [src/SCHEDULER_program.o] Error 1
src/subdir.mk:21: recipe for target 'src/SCHEDULER_program.o' failed
"make all" terminated with exit code 2. Build might be incomplete.
21:07:42 **** Incremental Build of configuration Debug for project SCHEDULER_Driver ****
make all 
'Building file: ../src/SCHEDULER_program.c'
'Invoking: GNU ARM Cross C Compiler'
arm-none-eabi-gcc -mcpu=cortex-m3 -mthumb -Og -fmessage-length=0 -fsigned-char -ffunction-sections -fdata-sections -ffreestanding -fno-move-loop-invariants -Wall -Wextra  -g3 -DDEBUG -DUSE_FULL_ASSERT -DTRACE -DOS_USE_TRACE_SEMIHOSTING_DEBUG -DSTM32F10X_MD -DUSE_STDPERIPH_DRIVER -DHSE_VALUE=8000000 -I"../include" -I"../system/include" -I"../system/include/cmsis" -I"../system/include/stm32f1-stdperiph" -std=gnu11 -MMD -MP -MF"src/SCHEDULER_program.d" -MT"src/SCHEDULER_program.o" -c -o "src/SCHEDULER_program.o" "../src/SCHEDULER_program.c"
../src/SCHEDULER_program.c:32:1: warning: 'static' is not at beginning of declaration [-Wold-style-declaration]
 void static Scheduler(void)
 ^~~~
../src/SCHEDULER_program.c: In function 'Scheduler':
../src/SCHEDULER_program.c:38:26: error: invalid type argument of '->' (have 'task_t' {aka 'struct <anonymous>'})
   if(counter%(sysTasks[i]->PeriodicTime/TICK_MS)==0)
                          ^~
At top level:
../src/SCHEDULER_program.c:32:13: warning: 'Scheduler' defined but not used [-Wunused-function]
 void static Scheduler(void)
             ^~~~~~~~~
make: *** [src/SCHEDULER_program.o] Error 1
src/subdir.mk:21: recipe for target 'src/SCHEDULER_program.o' failed
"make all" terminated with exit code 2. Build might be incomplete.
21:08:11 **** Incremental Build of configuration Debug for project SCHEDULER_Driver ****
make all 
'Building file: ../src/SCHEDULER_program.c'
'Invoking: GNU ARM Cross C Compiler'
arm-none-eabi-gcc -mcpu=cortex-m3 -mthumb -Og -fmessage-length=0 -fsigned-char -ffunction-sections -fdata-sections -ffreestanding -fno-move-loop-invariants -Wall -Wextra  -g3 -DDEBUG -DUSE_FULL_ASSERT -DTRACE -DOS_USE_TRACE_SEMIHOSTING_DEBUG -DSTM32F10X_MD -DUSE_STDPERIPH_DRIVER -DHSE_VALUE=8000000 -I"../include" -I"../system/include" -I"../system/include/cmsis" -I"../system/include/stm32f1-stdperiph" -std=gnu11 -MMD -MP -MF"src/SCHEDULER_program.d" -MT"src/SCHEDULER_program.o" -c -o "src/SCHEDULER_program.o" "../src/SCHEDULER_program.c"
../src/SCHEDULER_program.c:32:1: warning: 'static' is not at beginning of declaration [-Wold-style-declaration]
 void static Scheduler(void)
 ^~~~
../src/SCHEDULER_program.c: In function 'Scheduler':
../src/SCHEDULER_program.c:38:27: error: invalid type argument of '->' (have 'task_t' {aka 'struct <anonymous>'})
   if(counter%((sysTasks[i]->PeriodicTime)/TICK_MS)==0)
                           ^~
At top level:
../src/SCHEDULER_program.c:32:13: warning: 'Scheduler' defined but not used [-Wunused-function]
 void static Scheduler(void)
             ^~~~~~~~~
src/subdir.mk:21: recipe for target 'src/SCHEDULER_program.o' failed
make: *** [src/SCHEDULER_program.o] Error 1
"make all" terminated with exit code 2. Build might be incomplete.
21:10:50 **** Incremental Build of configuration Debug for project SCHEDULER_Driver ****
make all 
'Building file: ../src/SCHEDULER_program.c'
'Invoking: GNU ARM Cross C Compiler'
arm-none-eabi-gcc -mcpu=cortex-m3 -mthumb -Og -fmessage-length=0 -fsigned-char -ffunction-sections -fdata-sections -ffreestanding -fno-move-loop-invariants -Wall -Wextra  -g3 -DDEBUG -DUSE_FULL_ASSERT -DTRACE -DOS_USE_TRACE_SEMIHOSTING_DEBUG -DSTM32F10X_MD -DUSE_STDPERIPH_DRIVER -DHSE_VALUE=8000000 -I"../include" -I"../system/include" -I"../system/include/cmsis" -I"../system/include/stm32f1-stdperiph" -std=gnu11 -MMD -MP -MF"src/SCHEDULER_program.d" -MT"src/SCHEDULER_program.o" -c -o "src/SCHEDULER_program.o" "../src/SCHEDULER_program.c"
../src/SCHEDULER_program.c:32:1: warning: 'static' is not at beginning of declaration [-Wold-style-declaration]
 void static Scheduler(void)
 ^~~~
../src/SCHEDULER_program.c: In function 'Scheduler':
../src/SCHEDULER_program.c:38:27: error: invalid type argument of '->' (have 'task_t' {aka 'struct <anonymous>'})
   if(counter%((sysTasks[i]->PeriodicTime)/TICK_MS)==0)
                           ^~
At top level:
../src/SCHEDULER_program.c:32:13: warning: 'Scheduler' defined but not used [-Wunused-function]
 void static Scheduler(void)
             ^~~~~~~~~
make: *** [src/SCHEDULER_program.o] Error 1
src/subdir.mk:21: recipe for target 'src/SCHEDULER_program.o' failed
"make all" terminated with exit code 2. Build might be incomplete.
21:12:31 **** Incremental Build of configuration Debug for project SCHEDULER_Driver ****
make all 
'Building file: ../src/SCHEDULER_program.c'
'Invoking: GNU ARM Cross C Compiler'
arm-none-eabi-gcc -mcpu=cortex-m3 -mthumb -Og -fmessage-length=0 -fsigned-char -ffunction-sections -fdata-sections -ffreestanding -fno-move-loop-invariants -Wall -Wextra  -g3 -DDEBUG -DUSE_FULL_ASSERT -DTRACE -DOS_USE_TRACE_SEMIHOSTING_DEBUG -DSTM32F10X_MD -DUSE_STDPERIPH_DRIVER -DHSE_VALUE=8000000 -I"../include" -I"../system/include" -I"../system/include/cmsis" -I"../system/include/stm32f1-stdperiph" -std=gnu11 -MMD -MP -MF"src/SCHEDULER_program.d" -MT"src/SCHEDULER_program.o" -c -o "src/SCHEDULER_program.o" "../src/SCHEDULER_program.c"
../src/SCHEDULER_program.c:32:1: warning: 'static' is not at beginning of declaration [-Wold-style-declaration]
 void static Scheduler(void)
 ^~~~
../src/SCHEDULER_program.c: In function 'Scheduler':
../src/SCHEDULER_program.c:38:27: error: invalid type argument of '->' (have 'task_t' {aka 'struct <anonymous>'})
   if(counter%((sysTasks[i]->PeriodicTime)/TICK_MS)==0)
                           ^~
../src/SCHEDULER_program.c:40:15: error: invalid type argument of '->' (have 'task_t' {aka 'struct <anonymous>'})
    sysTasks[i]->runnable;
               ^~
At top level:
../src/SCHEDULER_program.c:32:13: warning: 'Scheduler' defined but not used [-Wunused-function]
 void static Scheduler(void)
             ^~~~~~~~~
src/subdir.mk:21: recipe for target 'src/SCHEDULER_program.o' failed
make: *** [src/SCHEDULER_program.o] Error 1
"make all" terminated with exit code 2. Build might be incomplete.
21:12:41 **** Incremental Build of configuration Debug for project SCHEDULER_Driver ****
make all 
'Building file: ../src/SCHEDULER_program.c'
'Invoking: GNU ARM Cross C Compiler'
arm-none-eabi-gcc -mcpu=cortex-m3 -mthumb -Og -fmessage-length=0 -fsigned-char -ffunction-sections -fdata-sections -ffreestanding -fno-move-loop-invariants -Wall -Wextra  -g3 -DDEBUG -DUSE_FULL_ASSERT -DTRACE -DOS_USE_TRACE_SEMIHOSTING_DEBUG -DSTM32F10X_MD -DUSE_STDPERIPH_DRIVER -DHSE_VALUE=8000000 -I"../include" -I"../system/include" -I"../system/include/cmsis" -I"../system/include/stm32f1-stdperiph" -std=gnu11 -MMD -MP -MF"src/SCHEDULER_program.d" -MT"src/SCHEDULER_program.o" -c -o "src/SCHEDULER_program.o" "../src/SCHEDULER_program.c"
../src/SCHEDULER_program.c:32:1: warning: 'static' is not at beginning of declaration [-Wold-style-declaration]
 void static Scheduler(void)
 ^~~~
../src/SCHEDULER_program.c: In function 'Scheduler':
../src/SCHEDULER_program.c:38:27: error: invalid type argument of '->' (have 'task_t' {aka 'struct <anonymous>'})
   if(counter%((sysTasks[i]->PeriodicTime)/TICK_MS)==0)
                           ^~
../src/SCHEDULER_program.c:40:15: error: invalid type argument of '->' (have 'task_t' {aka 'struct <anonymous>'})
    sysTasks[i]->runnable();
               ^~
At top level:
../src/SCHEDULER_program.c:32:13: warning: 'Scheduler' defined but not used [-Wunused-function]
 void static Scheduler(void)
             ^~~~~~~~~
make: *** [src/SCHEDULER_program.o] Error 1
src/subdir.mk:21: recipe for target 'src/SCHEDULER_program.o' failed
"make all" terminated with exit code 2. Build might be incomplete.
21:17:14 **** Incremental Build of configuration Debug for project SCHEDULER_Driver ****
make all 
'Building file: ../src/SCHEDULER_program.c'
'Invoking: GNU ARM Cross C Compiler'
arm-none-eabi-gcc -mcpu=cortex-m3 -mthumb -Og -fmessage-length=0 -fsigned-char -ffunction-sections -fdata-sections -ffreestanding -fno-move-loop-invariants -Wall -Wextra  -g3 -DDEBUG -DUSE_FULL_ASSERT -DTRACE -DOS_USE_TRACE_SEMIHOSTING_DEBUG -DSTM32F10X_MD -DUSE_STDPERIPH_DRIVER -DHSE_VALUE=8000000 -I"../include" -I"../system/include" -I"../system/include/cmsis" -I"../system/include/stm32f1-stdperiph" -std=gnu11 -MMD -MP -MF"src/SCHEDULER_program.d" -MT"src/SCHEDULER_program.o" -c -o "src/SCHEDULER_program.o" "../src/SCHEDULER_program.c"
../src/SCHEDULER_program.c:32:1: warning: 'static' is not at beginning of declaration [-Wold-style-declaration]
 void static Scheduler(void)
 ^~~~
../src/SCHEDULER_program.c: In function 'Scheduler':
../src/SCHEDULER_program.c:38:27: error: invalid type argument of '->' (have 'task_t' {aka 'struct <anonymous>'})
   if(counter%((sysTasks[i]->PeriodicTime)/TICK_MS)==0)
                           ^~
../src/SCHEDULER_program.c:40:15: error: invalid type argument of '->' (have 'task_t' {aka 'struct <anonymous>'})
    sysTasks[i]->runnable();
               ^~
At top level:
../src/SCHEDULER_program.c:32:13: warning: 'Scheduler' defined but not used [-Wunused-function]
 void static Scheduler(void)
             ^~~~~~~~~
make: *** [src/SCHEDULER_program.o] Error 1
src/subdir.mk:21: recipe for target 'src/SCHEDULER_program.o' failed
"make all" terminated with exit code 2. Build might be incomplete.
21:17:29 **** Incremental Build of configuration Debug for project SCHEDULER_Driver ****
make all 
'Building file: ../src/SCHEDULER_program.c'
'Invoking: GNU ARM Cross C Compiler'
arm-none-eabi-gcc -mcpu=cortex-m3 -mthumb -Og -fmessage-length=0 -fsigned-char -ffunction-sections -fdata-sections -ffreestanding -fno-move-loop-invariants -Wall -Wextra  -g3 -DDEBUG -DUSE_FULL_ASSERT -DTRACE -DOS_USE_TRACE_SEMIHOSTING_DEBUG -DSTM32F10X_MD -DUSE_STDPERIPH_DRIVER -DHSE_VALUE=8000000 -I"../include" -I"../system/include" -I"../system/include/cmsis" -I"../system/include/stm32f1-stdperiph" -std=gnu11 -MMD -MP -MF"src/SCHEDULER_program.d" -MT"src/SCHEDULER_program.o" -c -o "src/SCHEDULER_program.o" "../src/SCHEDULER_program.c"
In file included from ../src/SCHEDULER_program.c:11:
../include/SCHEDULER_private.h:2:2: error: unknown type name 'task'
  task* appTask;
  ^~~~
../src/SCHEDULER_program.c:33:1: warning: 'static' is not at beginning of declaration [-Wold-style-declaration]
 void static Scheduler(void)
 ^~~~
../src/SCHEDULER_program.c: In function 'Scheduler':
../src/SCHEDULER_program.c:39:27: error: invalid type argument of '->' (have 'task_t' {aka 'struct <anonymous>'})
   if(counter%((sysTasks[i]->PeriodicTime)/TICK_MS)==0)
                           ^~
../src/SCHEDULER_program.c:41:15: error: invalid type argument of '->' (have 'task_t' {aka 'struct <anonymous>'})
    sysTasks[i]->runnable();
               ^~
At top level:
../src/SCHEDULER_program.c:33:13: warning: 'Scheduler' defined but not used [-Wunused-function]
 void static Scheduler(void)
             ^~~~~~~~~
make: *** [src/SCHEDULER_program.o] Error 1
src/subdir.mk:21: recipe for target 'src/SCHEDULER_program.o' failed
"make all" terminated with exit code 2. Build might be incomplete.
21:18:31 **** Incremental Build of configuration Debug for project SCHEDULER_Driver ****
make all 
'Building file: ../src/SCHEDULER_program.c'
'Invoking: GNU ARM Cross C Compiler'
arm-none-eabi-gcc -mcpu=cortex-m3 -mthumb -Og -fmessage-length=0 -fsigned-char -ffunction-sections -fdata-sections -ffreestanding -fno-move-loop-invariants -Wall -Wextra  -g3 -DDEBUG -DUSE_FULL_ASSERT -DTRACE -DOS_USE_TRACE_SEMIHOSTING_DEBUG -DSTM32F10X_MD -DUSE_STDPERIPH_DRIVER -DHSE_VALUE=8000000 -I"../include" -I"../system/include" -I"../system/include/cmsis" -I"../system/include/stm32f1-stdperiph" -std=gnu11 -MMD -MP -MF"src/SCHEDULER_program.d" -MT"src/SCHEDULER_program.o" -c -o "src/SCHEDULER_program.o" "../src/SCHEDULER_program.c"
../src/SCHEDULER_program.c:33:1: warning: 'static' is not at beginning of declaration [-Wold-style-declaration]
 void static Scheduler(void)
 ^~~~
../src/SCHEDULER_program.c: In function 'Scheduler':
../src/SCHEDULER_program.c:39:27: error: invalid type argument of '->' (have 'task_t' {aka 'struct <anonymous>'})
   if(counter%((sysTasks[i]->PeriodicTime)/TICK_MS)==0)
                           ^~
../src/SCHEDULER_program.c:41:15: error: invalid type argument of '->' (have 'task_t' {aka 'struct <anonymous>'})
    sysTasks[i]->runnable();
               ^~
At top level:
../src/SCHEDULER_program.c:33:13: warning: 'Scheduler' defined but not used [-Wunused-function]
 void static Scheduler(void)
             ^~~~~~~~~
make: *** [src/SCHEDULER_program.o] Error 1
src/subdir.mk:21: recipe for target 'src/SCHEDULER_program.o' failed
"make all" terminated with exit code 2. Build might be incomplete.
21:19:31 **** Incremental Build of configuration Debug for project SCHEDULER_Driver ****
make all 
'Building file: ../src/SCHEDULER_program.c'
'Invoking: GNU ARM Cross C Compiler'
arm-none-eabi-gcc -mcpu=cortex-m3 -mthumb -Og -fmessage-length=0 -fsigned-char -ffunction-sections -fdata-sections -ffreestanding -fno-move-loop-invariants -Wall -Wextra  -g3 -DDEBUG -DUSE_FULL_ASSERT -DTRACE -DOS_USE_TRACE_SEMIHOSTING_DEBUG -DSTM32F10X_MD -DUSE_STDPERIPH_DRIVER -DHSE_VALUE=8000000 -I"../include" -I"../system/include" -I"../system/include/cmsis" -I"../system/include/stm32f1-stdperiph" -std=gnu11 -MMD -MP -MF"src/SCHEDULER_program.d" -MT"src/SCHEDULER_program.o" -c -o "src/SCHEDULER_program.o" "../src/SCHEDULER_program.c"
../src/SCHEDULER_program.c: In function 'sched_CreateTask':
../src/SCHEDULER_program.c:29:30: error: incompatible types when assigning to type 'systask_t' {aka 'struct <anonymous>'} from type 'task_t' {aka 'struct <anonymous>'}
   sysTasks[appTask->Priority]= *appTask;
                              ^
../src/SCHEDULER_program.c: At top level:
../src/SCHEDULER_program.c:34:1: warning: 'static' is not at beginning of declaration [-Wold-style-declaration]
 void static Scheduler(void)
 ^~~~
../src/SCHEDULER_program.c: In function 'Scheduler':
../src/SCHEDULER_program.c:40:27: error: invalid type argument of '->' (have 'systask_t' {aka 'struct <anonymous>'})
   if(counter%((sysTasks[i]->PeriodicTime)/TICK_MS)==0)
                           ^~
../src/SCHEDULER_program.c:42:15: error: invalid type argument of '->' (have 'systask_t' {aka 'struct <anonymous>'})
    sysTasks[i]->runnable();
               ^~
At top level:
../src/SCHEDULER_program.c:34:13: warning: 'Scheduler' defined but not used [-Wunused-function]
 void static Scheduler(void)
             ^~~~~~~~~
src/subdir.mk:21: recipe for target 'src/SCHEDULER_program.o' failed
make: *** [src/SCHEDULER_program.o] Error 1
"make all" terminated with exit code 2. Build might be incomplete.
21:20:38 **** Incremental Build of configuration Debug for project SCHEDULER_Driver ****
make all 
'Building file: ../src/SCHEDULER_program.c'
'Invoking: GNU ARM Cross C Compiler'
arm-none-eabi-gcc -mcpu=cortex-m3 -mthumb -Og -fmessage-length=0 -fsigned-char -ffunction-sections -fdata-sections -ffreestanding -fno-move-loop-invariants -Wall -Wextra  -g3 -DDEBUG -DUSE_FULL_ASSERT -DTRACE -DOS_USE_TRACE_SEMIHOSTING_DEBUG -DSTM32F10X_MD -DUSE_STDPERIPH_DRIVER -DHSE_VALUE=8000000 -I"../include" -I"../system/include" -I"../system/include/cmsis" -I"../system/include/stm32f1-stdperiph" -std=gnu11 -MMD -MP -MF"src/SCHEDULER_program.d" -MT"src/SCHEDULER_program.o" -c -o "src/SCHEDULER_program.o" "../src/SCHEDULER_program.c"
../src/SCHEDULER_program.c: In function 'sched_CreateTask':
../src/SCHEDULER_program.c:29:30: error: incompatible types when assigning to type 'systask_t' {aka 'struct <anonymous>'} from type 'task_t' {aka 'struct <anonymous>'}
   sysTasks[appTask->Priority]= *appTask;
                              ^
../src/SCHEDULER_program.c: At top level:
../src/SCHEDULER_program.c:34:1: warning: 'static' is not at beginning of declaration [-Wold-style-declaration]
 void static Scheduler(void)
 ^~~~
../src/SCHEDULER_program.c: In function 'Scheduler':
../src/SCHEDULER_program.c:40:27: error: invalid type argument of '->' (have 'systask_t' {aka 'struct <anonymous>'})
   if(counter%((sysTasks[i]->PeriodicTime)/TICK_MS)==0)
                           ^~
../src/SCHEDULER_program.c:42:15: error: invalid type argument of '->' (have 'systask_t' {aka 'struct <anonymous>'})
    sysTasks[i]->runnable();
               ^~
At top level:
../src/SCHEDULER_program.c:34:13: warning: 'Scheduler' defined but not used [-Wunused-function]
 void static Scheduler(void)
             ^~~~~~~~~
src/subdir.mk:21: recipe for target 'src/SCHEDULER_program.o' failed
make: *** [src/SCHEDULER_program.o] Error 1
"make all" terminated with exit code 2. Build might be incomplete.
21:21:58 **** Incremental Build of configuration Debug for project SCHEDULER_Driver ****
make all 
'Building file: ../src/SCHEDULER_program.c'
'Invoking: GNU ARM Cross C Compiler'
arm-none-eabi-gcc -mcpu=cortex-m3 -mthumb -Og -fmessage-length=0 -fsigned-char -ffunction-sections -fdata-sections -ffreestanding -fno-move-loop-invariants -Wall -Wextra  -g3 -DDEBUG -DUSE_FULL_ASSERT -DTRACE -DOS_USE_TRACE_SEMIHOSTING_DEBUG -DSTM32F10X_MD -DUSE_STDPERIPH_DRIVER -DHSE_VALUE=8000000 -I"../include" -I"../system/include" -I"../system/include/cmsis" -I"../system/include/stm32f1-stdperiph" -std=gnu11 -MMD -MP -MF"src/SCHEDULER_program.d" -MT"src/SCHEDULER_program.o" -c -o "src/SCHEDULER_program.o" "../src/SCHEDULER_program.c"
../src/SCHEDULER_program.c: In function 'sched_CreateTask':
../src/SCHEDULER_program.c:29:38: error: incompatible types when assigning to type 'task_t *' {aka 'struct <anonymous> *'} from type 'task_t' {aka 'struct <anonymous>'}
   sysTasks[appTask->Priority].appTask= *appTask;
                                      ^
../src/SCHEDULER_program.c: At top level:
../src/SCHEDULER_program.c:34:1: warning: 'static' is not at beginning of declaration [-Wold-style-declaration]
 void static Scheduler(void)
 ^~~~
../src/SCHEDULER_program.c: In function 'Scheduler':
../src/SCHEDULER_program.c:40:27: error: invalid type argument of '->' (have 'systask_t' {aka 'struct <anonymous>'})
   if(counter%((sysTasks[i]->PeriodicTime)/TICK_MS)==0)
                           ^~
../src/SCHEDULER_program.c:42:15: error: invalid type argument of '->' (have 'systask_t' {aka 'struct <anonymous>'})
    sysTasks[i]->runnable();
               ^~
At top level:
../src/SCHEDULER_program.c:34:13: warning: 'Scheduler' defined but not used [-Wunused-function]
 void static Scheduler(void)
             ^~~~~~~~~
src/subdir.mk:21: recipe for target 'src/SCHEDULER_program.o' failed
make: *** [src/SCHEDULER_program.o] Error 1
"make all" terminated with exit code 2. Build might be incomplete.
21:24:46 **** Incremental Build of configuration Debug for project SCHEDULER_Driver ****
make all 
'Building file: ../src/SCHEDULER_program.c'
'Invoking: GNU ARM Cross C Compiler'
arm-none-eabi-gcc -mcpu=cortex-m3 -mthumb -Og -fmessage-length=0 -fsigned-char -ffunction-sections -fdata-sections -ffreestanding -fno-move-loop-invariants -Wall -Wextra  -g3 -DDEBUG -DUSE_FULL_ASSERT -DTRACE -DOS_USE_TRACE_SEMIHOSTING_DEBUG -DSTM32F10X_MD -DUSE_STDPERIPH_DRIVER -DHSE_VALUE=8000000 -I"../include" -I"../system/include" -I"../system/include/cmsis" -I"../system/include/stm32f1-stdperiph" -std=gnu11 -MMD -MP -MF"src/SCHEDULER_program.d" -MT"src/SCHEDULER_program.o" -c -o "src/SCHEDULER_program.o" "../src/SCHEDULER_program.c"
../src/SCHEDULER_program.c:34:1: warning: 'static' is not at beginning of declaration [-Wold-style-declaration]
 void static Scheduler(void)
 ^~~~
../src/SCHEDULER_program.c: In function 'Scheduler':
../src/SCHEDULER_program.c:40:27: error: invalid type argument of '->' (have 'systask_t' {aka 'struct <anonymous>'})
   if(counter%((sysTasks[i]->PeriodicTime)/TICK_MS)==0)
                           ^~
../src/SCHEDULER_program.c:42:15: error: invalid type argument of '->' (have 'systask_t' {aka 'struct <anonymous>'})
    sysTasks[i]->runnable();
               ^~
At top level:
../src/SCHEDULER_program.c:34:13: warning: 'Scheduler' defined but not used [-Wunused-function]
 void static Scheduler(void)
             ^~~~~~~~~
make: *** [src/SCHEDULER_program.o] Error 1
src/subdir.mk:21: recipe for target 'src/SCHEDULER_program.o' failed
"make all" terminated with exit code 2. Build might be incomplete.
21:26:40 **** Incremental Build of configuration Debug for project SCHEDULER_Driver ****
make all 
'Building file: ../src/SCHEDULER_program.c'
'Invoking: GNU ARM Cross C Compiler'
arm-none-eabi-gcc -mcpu=cortex-m3 -mthumb -Og -fmessage-length=0 -fsigned-char -ffunction-sections -fdata-sections -ffreestanding -fno-move-loop-invariants -Wall -Wextra  -g3 -DDEBUG -DUSE_FULL_ASSERT -DTRACE -DOS_USE_TRACE_SEMIHOSTING_DEBUG -DSTM32F10X_MD -DUSE_STDPERIPH_DRIVER -DHSE_VALUE=8000000 -I"../include" -I"../system/include" -I"../system/include/cmsis" -I"../system/include/stm32f1-stdperiph" -std=gnu11 -MMD -MP -MF"src/SCHEDULER_program.d" -MT"src/SCHEDULER_program.o" -c -o "src/SCHEDULER_program.o" "../src/SCHEDULER_program.c"
../src/SCHEDULER_program.c:34:1: warning: 'static' is not at beginning of declaration [-Wold-style-declaration]
 void static Scheduler(void)
 ^~~~
../src/SCHEDULER_program.c: In function 'Scheduler':
../src/SCHEDULER_program.c:40:27: error: invalid type argument of '->' (have 'systask_t' {aka 'struct <anonymous>'})
   if(counter%((sysTasks[i]->PeriodicTime)/TICK_MS)==0)
                           ^~
../src/SCHEDULER_program.c:42:15: error: invalid type argument of '->' (have 'systask_t' {aka 'struct <anonymous>'})
    sysTasks[i]->appTask->runnable();
               ^~
At top level:
../src/SCHEDULER_program.c:34:13: warning: 'Scheduler' defined but not used [-Wunused-function]
 void static Scheduler(void)
             ^~~~~~~~~
src/subdir.mk:21: recipe for target 'src/SCHEDULER_program.o' failed
make: *** [src/SCHEDULER_program.o] Error 1
"make all" terminated with exit code 2. Build might be incomplete.
21:27:32 **** Incremental Build of configuration Debug for project SCHEDULER_Driver ****
make all 
'Building file: ../src/SCHEDULER_program.c'
'Invoking: GNU ARM Cross C Compiler'
arm-none-eabi-gcc -mcpu=cortex-m3 -mthumb -Og -fmessage-length=0 -fsigned-char -ffunction-sections -fdata-sections -ffreestanding -fno-move-loop-invariants -Wall -Wextra  -g3 -DDEBUG -DUSE_FULL_ASSERT -DTRACE -DOS_USE_TRACE_SEMIHOSTING_DEBUG -DSTM32F10X_MD -DUSE_STDPERIPH_DRIVER -DHSE_VALUE=8000000 -I"../include" -I"../system/include" -I"../system/include/cmsis" -I"../system/include/stm32f1-stdperiph" -std=gnu11 -MMD -MP -MF"src/SCHEDULER_program.d" -MT"src/SCHEDULER_program.o" -c -o "src/SCHEDULER_program.o" "../src/SCHEDULER_program.c"
../src/SCHEDULER_program.c:34:1: warning: 'static' is not at beginning of declaration [-Wold-style-declaration]
 void static Scheduler(void)
 ^~~~
../src/SCHEDULER_program.c: In function 'Scheduler':
../src/SCHEDULER_program.c:43:15: error: invalid type argument of '->' (have 'systask_t' {aka 'struct <anonymous>'})
    sysTasks[i]->appTask->runnable();
               ^~
At top level:
../src/SCHEDULER_program.c:34:13: warning: 'Scheduler' defined but not used [-Wunused-function]
 void static Scheduler(void)
             ^~~~~~~~~
make: *** [src/SCHEDULER_program.o] Error 1
src/subdir.mk:21: recipe for target 'src/SCHEDULER_program.o' failed
"make all" terminated with exit code 2. Build might be incomplete.
21:28:10 **** Incremental Build of configuration Debug for project SCHEDULER_Driver ****
make all 
'Building file: ../src/SCHEDULER_program.c'
'Invoking: GNU ARM Cross C Compiler'
arm-none-eabi-gcc -mcpu=cortex-m3 -mthumb -Og -fmessage-length=0 -fsigned-char -ffunction-sections -fdata-sections -ffreestanding -fno-move-loop-invariants -Wall -Wextra  -g3 -DDEBUG -DUSE_FULL_ASSERT -DTRACE -DOS_USE_TRACE_SEMIHOSTING_DEBUG -DSTM32F10X_MD -DUSE_STDPERIPH_DRIVER -DHSE_VALUE=8000000 -I"../include" -I"../system/include" -I"../system/include/cmsis" -I"../system/include/stm32f1-stdperiph" -std=gnu11 -MMD -MP -MF"src/SCHEDULER_program.d" -MT"src/SCHEDULER_program.o" -c -o "src/SCHEDULER_program.o" "../src/SCHEDULER_program.c"
../src/SCHEDULER_program.c: In function 'Scheduler':
../src/SCHEDULER_program.c:43:15: error: invalid type argument of '->' (have 'systask_t' {aka 'struct <anonymous>'})
    sysTasks[i]->appTask->runnable();
               ^~
At top level:
../src/SCHEDULER_program.c:34:13: warning: 'Scheduler' defined but not used [-Wunused-function]
 static void Scheduler(void)
             ^~~~~~~~~
src/subdir.mk:21: recipe for target 'src/SCHEDULER_program.o' failed
make: *** [src/SCHEDULER_program.o] Error 1
"make all" terminated with exit code 2. Build might be incomplete.
21:32:52 **** Incremental Build of configuration Debug for project SCHEDULER_Driver ****
make all 
'Building file: ../src/SCHEDULER_program.c'
'Invoking: GNU ARM Cross C Compiler'
arm-none-eabi-gcc -mcpu=cortex-m3 -mthumb -Og -fmessage-length=0 -fsigned-char -ffunction-sections -fdata-sections -ffreestanding -fno-move-loop-invariants -Wall -Wextra  -g3 -DDEBUG -DUSE_FULL_ASSERT -DTRACE -DOS_USE_TRACE_SEMIHOSTING_DEBUG -DSTM32F10X_MD -DUSE_STDPERIPH_DRIVER -DHSE_VALUE=8000000 -I"../include" -I"../system/include" -I"../system/include/cmsis" -I"../system/include/stm32f1-stdperiph" -std=gnu11 -MMD -MP -MF"src/SCHEDULER_program.d" -MT"src/SCHEDULER_program.o" -c -o "src/SCHEDULER_program.o" "../src/SCHEDULER_program.c"
../src/SCHEDULER_program.c: In function 'Scheduler':
../src/SCHEDULER_program.c:43:15: error: invalid type argument of '->' (have 'systask_t' {aka 'struct <anonymous>'})
    sysTasks[i]->appTask->Runnable();
               ^~
At top level:
../src/SCHEDULER_program.c:34:13: warning: 'Scheduler' defined but not used [-Wunused-function]
 static void Scheduler(void)
             ^~~~~~~~~
make: *** [src/SCHEDULER_program.o] Error 1
src/subdir.mk:21: recipe for target 'src/SCHEDULER_program.o' failed
"make all" terminated with exit code 2. Build might be incomplete.
21:33:18 **** Incremental Build of configuration Debug for project SCHEDULER_Driver ****
make all 
'Building file: ../src/SCHEDULER_program.c'
'Invoking: GNU ARM Cross C Compiler'
arm-none-eabi-gcc -mcpu=cortex-m3 -mthumb -Og -fmessage-length=0 -fsigned-char -ffunction-sections -fdata-sections -ffreestanding -fno-move-loop-invariants -Wall -Wextra  -g3 -DDEBUG -DUSE_FULL_ASSERT -DTRACE -DOS_USE_TRACE_SEMIHOSTING_DEBUG -DSTM32F10X_MD -DUSE_STDPERIPH_DRIVER -DHSE_VALUE=8000000 -I"../include" -I"../system/include" -I"../system/include/cmsis" -I"../system/include/stm32f1-stdperiph" -std=gnu11 -MMD -MP -MF"src/SCHEDULER_program.d" -MT"src/SCHEDULER_program.o" -c -o "src/SCHEDULER_program.o" "../src/SCHEDULER_program.c"
../src/SCHEDULER_program.c:34:13: warning: 'Scheduler' defined but not used [-Wunused-function]
 static void Scheduler(void)
             ^~~~~~~~~
'Finished building: ../src/SCHEDULER_program.c'
' '
'Building target: SCHEDULER_Driver.elf'
'Invoking: GNU ARM Cross C++ Linker'
arm-none-eabi-g++ -mcpu=cortex-m3 -mthumb -Og -fmessage-length=0 -fsigned-char -ffunction-sections -fdata-sections -ffreestanding -fno-move-loop-invariants -Wall -Wextra  -g3 -T mem.ld -T libs.ld -T sections.ld -nostartfiles -Xlinker --gc-sections -L"../ldscripts" -Wl,-Map,"SCHEDULER_Driver.map" --specs=nano.specs -o "SCHEDULER_Driver.elf"  ./system/src/stm32f1-stdperiph/misc.o ./system/src/stm32f1-stdperiph/stm32f10x_gpio.o ./system/src/stm32f1-stdperiph/stm32f10x_rcc.o  ./system/src/newlib/_cxx.o ./system/src/newlib/_exit.o ./system/src/newlib/_sbrk.o ./system/src/newlib/_startup.o ./system/src/newlib/_syscalls.o ./system/src/newlib/assert.o  ./system/src/diag/Trace.o ./system/src/diag/trace_impl.o  ./system/src/cortexm/_initialize_hardware.o ./system/src/cortexm/_reset_hardware.o ./system/src/cortexm/exception_handlers.o  ./system/src/cmsis/system_stm32f10x.o ./system/src/cmsis/vectors_stm32f10x.o  ./src/SCHEDULER_program.o ./src/main.o   
'Finished building target: SCHEDULER_Driver.elf'
' '
'Invoking: GNU ARM Cross Create Flash Image'
arm-none-eabi-objcopy -O ihex "SCHEDULER_Driver.elf"  "SCHEDULER_Driver.hex"
'Finished building: SCHEDULER_Driver.hex'
' '
'Invoking: GNU ARM Cross Print Size'
arm-none-eabi-size --format=berkeley "SCHEDULER_Driver.elf"
   text	   data	    bss	    dec	    hex	filename
   4407	    176	    424	   5007	   138f	SCHEDULER_Driver.elf
'Finished building: SCHEDULER_Driver.siz'
' '
21:41:33 **** Incremental Build of configuration Debug for project SCHEDULER_Driver ****
make all 
'Building file: ../src/SCHEDULER_program.c'
'Invoking: GNU ARM Cross C Compiler'
arm-none-eabi-gcc -mcpu=cortex-m3 -mthumb -Og -fmessage-length=0 -fsigned-char -ffunction-sections -fdata-sections -ffreestanding -fno-move-loop-invariants -Wall -Wextra  -g3 -DDEBUG -DUSE_FULL_ASSERT -DTRACE -DOS_USE_TRACE_SEMIHOSTING_DEBUG -DSTM32F10X_MD -DUSE_STDPERIPH_DRIVER -DHSE_VALUE=8000000 -I"../include" -I"../system/include" -I"../system/include/cmsis" -I"../system/include/stm32f1-stdperiph" -std=gnu11 -MMD -MP -MF"src/SCHEDULER_program.d" -MT"src/SCHEDULER_program.o" -c -o "src/SCHEDULER_program.o" "../src/SCHEDULER_program.c"
../src/SCHEDULER_program.c: In function 'sched_CreateTask':
../src/SCHEDULER_program.c:30:11: warning: statement with no effect [-Wunused-value]
   sysTasks[appTask->Priority]
   ~~~~~~~~^~~~~~~~~~~~~~~~~~~
../src/SCHEDULER_program.c:30:30: error: expected ';' before '}' token
   sysTasks[appTask->Priority]
                              ^
                              ;
  }
  ~                            
At top level:
../src/SCHEDULER_program.c:35:13: warning: 'Scheduler' defined but not used [-Wunused-function]
 static void Scheduler(void)
             ^~~~~~~~~
make: *** [src/SCHEDULER_program.o] Error 1
src/subdir.mk:21: recipe for target 'src/SCHEDULER_program.o' failed
"make all" terminated with exit code 2. Build might be incomplete.
21:44:00 **** Incremental Build of configuration Debug for project SCHEDULER_Driver ****
make all 
'Building file: ../src/SCHEDULER_program.c'
'Invoking: GNU ARM Cross C Compiler'
arm-none-eabi-gcc -mcpu=cortex-m3 -mthumb -Og -fmessage-length=0 -fsigned-char -ffunction-sections -fdata-sections -ffreestanding -fno-move-loop-invariants -Wall -Wextra  -g3 -DDEBUG -DUSE_FULL_ASSERT -DTRACE -DOS_USE_TRACE_SEMIHOSTING_DEBUG -DSTM32F10X_MD -DUSE_STDPERIPH_DRIVER -DHSE_VALUE=8000000 -I"../include" -I"../system/include" -I"../system/include/cmsis" -I"../system/include/stm32f1-stdperiph" -std=gnu11 -MMD -MP -MF"src/SCHEDULER_program.d" -MT"src/SCHEDULER_program.o" -c -o "src/SCHEDULER_program.o" "../src/SCHEDULER_program.c"
../src/SCHEDULER_program.c:35:13: warning: 'Scheduler' defined but not used [-Wunused-function]
 static void Scheduler(void)
             ^~~~~~~~~
'Finished building: ../src/SCHEDULER_program.c'
' '
'Building target: SCHEDULER_Driver.elf'
'Invoking: GNU ARM Cross C++ Linker'
arm-none-eabi-g++ -mcpu=cortex-m3 -mthumb -Og -fmessage-length=0 -fsigned-char -ffunction-sections -fdata-sections -ffreestanding -fno-move-loop-invariants -Wall -Wextra  -g3 -T mem.ld -T libs.ld -T sections.ld -nostartfiles -Xlinker --gc-sections -L"../ldscripts" -Wl,-Map,"SCHEDULER_Driver.map" --specs=nano.specs -o "SCHEDULER_Driver.elf"  ./system/src/stm32f1-stdperiph/misc.o ./system/src/stm32f1-stdperiph/stm32f10x_gpio.o ./system/src/stm32f1-stdperiph/stm32f10x_rcc.o  ./system/src/newlib/_cxx.o ./system/src/newlib/_exit.o ./system/src/newlib/_sbrk.o ./system/src/newlib/_startup.o ./system/src/newlib/_syscalls.o ./system/src/newlib/assert.o  ./system/src/diag/Trace.o ./system/src/diag/trace_impl.o  ./system/src/cortexm/_initialize_hardware.o ./system/src/cortexm/_reset_hardware.o ./system/src/cortexm/exception_handlers.o  ./system/src/cmsis/system_stm32f10x.o ./system/src/cmsis/vectors_stm32f10x.o  ./src/SCHEDULER_program.o ./src/main.o   
'Finished building target: SCHEDULER_Driver.elf'
' '
'Invoking: GNU ARM Cross Create Flash Image'
arm-none-eabi-objcopy -O ihex "SCHEDULER_Driver.elf"  "SCHEDULER_Driver.hex"
'Finished building: SCHEDULER_Driver.hex'
' '
'Invoking: GNU ARM Cross Print Size'
arm-none-eabi-size --format=berkeley "SCHEDULER_Driver.elf"
   text	   data	    bss	    dec	    hex	filename
   4407	    176	    424	   5007	   138f	SCHEDULER_Driver.elf
'Finished building: SCHEDULER_Driver.siz'
' '
21:44:57 **** Incremental Build of configuration Debug for project SCHEDULER_Driver ****
make all 
'Building file: ../src/SCHEDULER_program.c'
'Invoking: GNU ARM Cross C Compiler'
arm-none-eabi-gcc -mcpu=cortex-m3 -mthumb -Og -fmessage-length=0 -fsigned-char -ffunction-sections -fdata-sections -ffreestanding -fno-move-loop-invariants -Wall -Wextra  -g3 -DDEBUG -DUSE_FULL_ASSERT -DTRACE -DOS_USE_TRACE_SEMIHOSTING_DEBUG -DSTM32F10X_MD -DUSE_STDPERIPH_DRIVER -DHSE_VALUE=8000000 -I"../include" -I"../system/include" -I"../system/include/cmsis" -I"../system/include/stm32f1-stdperiph" -std=gnu11 -MMD -MP -MF"src/SCHEDULER_program.d" -MT"src/SCHEDULER_program.o" -c -o "src/SCHEDULER_program.o" "../src/SCHEDULER_program.c"
../src/SCHEDULER_program.c:35:13: warning: 'Scheduler' defined but not used [-Wunused-function]
 static void Scheduler(void)
             ^~~~~~~~~
'Finished building: ../src/SCHEDULER_program.c'
' '
'Building target: SCHEDULER_Driver.elf'
'Invoking: GNU ARM Cross C++ Linker'
arm-none-eabi-g++ -mcpu=cortex-m3 -mthumb -Og -fmessage-length=0 -fsigned-char -ffunction-sections -fdata-sections -ffreestanding -fno-move-loop-invariants -Wall -Wextra  -g3 -T mem.ld -T libs.ld -T sections.ld -nostartfiles -Xlinker --gc-sections -L"../ldscripts" -Wl,-Map,"SCHEDULER_Driver.map" --specs=nano.specs -o "SCHEDULER_Driver.elf"  ./system/src/stm32f1-stdperiph/misc.o ./system/src/stm32f1-stdperiph/stm32f10x_gpio.o ./system/src/stm32f1-stdperiph/stm32f10x_rcc.o  ./system/src/newlib/_cxx.o ./system/src/newlib/_exit.o ./system/src/newlib/_sbrk.o ./system/src/newlib/_startup.o ./system/src/newlib/_syscalls.o ./system/src/newlib/assert.o  ./system/src/diag/Trace.o ./system/src/diag/trace_impl.o  ./system/src/cortexm/_initialize_hardware.o ./system/src/cortexm/_reset_hardware.o ./system/src/cortexm/exception_handlers.o  ./system/src/cmsis/system_stm32f10x.o ./system/src/cmsis/vectors_stm32f10x.o  ./src/SCHEDULER_program.o ./src/main.o   
'Finished building target: SCHEDULER_Driver.elf'
' '
'Invoking: GNU ARM Cross Create Flash Image'
arm-none-eabi-objcopy -O ihex "SCHEDULER_Driver.elf"  "SCHEDULER_Driver.hex"
'Finished building: SCHEDULER_Driver.hex'
' '
'Invoking: GNU ARM Cross Print Size'
arm-none-eabi-size --format=berkeley "SCHEDULER_Driver.elf"
   text	   data	    bss	    dec	    hex	filename
   4407	    176	    424	   5007	   138f	SCHEDULER_Driver.elf
'Finished building: SCHEDULER_Driver.siz'
' '
22:04:02 **** Incremental Build of configuration Debug for project SCHEDULER_Driver ****
make all 
'Building file: ../src/SCHEDULER_program.c'
'Invoking: GNU ARM Cross C Compiler'
arm-none-eabi-gcc -mcpu=cortex-m3 -mthumb -Og -fmessage-length=0 -fsigned-char -ffunction-sections -fdata-sections -ffreestanding -fno-move-loop-invariants -Wall -Wextra  -g3 -DDEBUG -DUSE_FULL_ASSERT -DTRACE -DOS_USE_TRACE_SEMIHOSTING_DEBUG -DSTM32F10X_MD -DUSE_STDPERIPH_DRIVER -DHSE_VALUE=8000000 -I"../include" -I"../system/include" -I"../system/include/cmsis" -I"../system/include/stm32f1-stdperiph" -std=gnu11 -MMD -MP -MF"src/SCHEDULER_program.d" -MT"src/SCHEDULER_program.o" -c -o "src/SCHEDULER_program.o" "../src/SCHEDULER_program.c"
../src/SCHEDULER_program.c: In function 'Sched_Start':
../src/SCHEDULER_program.c:32:2: warning: implicit declaration of function 'Scheduler'; did you mean 'Sched_Start'? [-Wimplicit-function-declaration]
  Scheduler();
  ^~~~~~~~~
  Sched_Start
../src/SCHEDULER_program.c: At top level:
../src/SCHEDULER_program.c:45:13: warning: conflicting types for 'Scheduler'
 static void Scheduler(void)
             ^~~~~~~~~
../src/SCHEDULER_program.c:45:13: error: static declaration of 'Scheduler' follows non-static declaration
../src/SCHEDULER_program.c:32:2: note: previous implicit declaration of 'Scheduler' was here
  Scheduler();
  ^~~~~~~~~
../src/SCHEDULER_program.c:45:13: warning: 'Scheduler' defined but not used [-Wunused-function]
 static void Scheduler(void)
             ^~~~~~~~~
make: *** [src/SCHEDULER_program.o] Error 1
src/subdir.mk:21: recipe for target 'src/SCHEDULER_program.o' failed
"make all" terminated with exit code 2. Build might be incomplete.
22:06:34 **** Incremental Build of configuration Debug for project SCHEDULER_Driver ****
make all 
'Building file: ../src/SCHEDULER_program.c'
'Invoking: GNU ARM Cross C Compiler'
arm-none-eabi-gcc -mcpu=cortex-m3 -mthumb -Og -fmessage-length=0 -fsigned-char -ffunction-sections -fdata-sections -ffreestanding -fno-move-loop-invariants -Wall -Wextra  -g3 -DDEBUG -DUSE_FULL_ASSERT -DTRACE -DOS_USE_TRACE_SEMIHOSTING_DEBUG -DSTM32F10X_MD -DUSE_STDPERIPH_DRIVER -DHSE_VALUE=8000000 -I"../include" -I"../system/include" -I"../system/include/cmsis" -I"../system/include/stm32f1-stdperiph" -std=gnu11 -MMD -MP -MF"src/SCHEDULER_program.d" -MT"src/SCHEDULER_program.o" -c -o "src/SCHEDULER_program.o" "../src/SCHEDULER_program.c"
../src/SCHEDULER_program.c: In function 'setOSFlag':
../src/SCHEDULER_program.c:49:12: warning: variable 'OSFlag' set but not used [-Wunused-but-set-variable]
  static u8 OSFlag =0;
            ^~~~~~
'Finished building: ../src/SCHEDULER_program.c'
' '
'Building file: ../src/main.c'
'Invoking: GNU ARM Cross C Compiler'
arm-none-eabi-gcc -mcpu=cortex-m3 -mthumb -Og -fmessage-length=0 -fsigned-char -ffunction-sections -fdata-sections -ffreestanding -fno-move-loop-invariants -Wall -Wextra  -g3 -DDEBUG -DUSE_FULL_ASSERT -DTRACE -DOS_USE_TRACE_SEMIHOSTING_DEBUG -DSTM32F10X_MD -DUSE_STDPERIPH_DRIVER -DHSE_VALUE=8000000 -I"../include" -I"../system/include" -I"../system/include/cmsis" -I"../system/include/stm32f1-stdperiph" -std=gnu11 -MMD -MP -MF"src/main.d" -MT"src/main.o" -c -o "src/main.o" "../src/main.c"
../src/main.c: In function 'main':
../src/main.c:3:14: error: unknown type name 'task_t'
 static const task_t hamada={hamada.Runnable=Apprun,hamada.PeriodicTime=20};
              ^~~~~~
../src/main.c:3:35: error: request for member 'Runnable' in something not a structure or union
 static const task_t hamada={hamada.Runnable=Apprun,hamada.PeriodicTime=20};
                                   ^
../src/main.c:3:45: error: 'Apprun' undeclared (first use in this function)
 static const task_t hamada={hamada.Runnable=Apprun,hamada.PeriodicTime=20};
                                             ^~~~~~
../src/main.c:3:45: note: each undeclared identifier is reported only once for each function it appears in
../src/main.c:3:58: error: request for member 'PeriodicTime' in something not a structure or union
 static const task_t hamada={hamada.Runnable=Apprun,hamada.PeriodicTime=20};
                                                          ^
../src/main.c:3:52: warning: excess elements in scalar initializer
 static const task_t hamada={hamada.Runnable=Apprun,hamada.PeriodicTime=20};
                                                    ^~~~~~
../src/main.c:3:52: note: (near initialization for 'hamada')
../src/main.c:3:21: warning: variable 'hamada' set but not used [-Wunused-but-set-variable]
 static const task_t hamada={hamada.Runnable=Apprun,hamada.PeriodicTime=20};
                     ^~~~~~
../src/main.c:4:1: warning: control reaches end of non-void function [-Wreturn-type]
 }
 ^
make: *** [src/main.o] Error 1
src/subdir.mk:21: recipe for target 'src/main.o' failed
"make all" terminated with exit code 2. Build might be incomplete.
22:07:01 **** Incremental Build of configuration Debug for project SCHEDULER_Driver ****
make all 
'Building file: ../src/SCHEDULER_program.c'
'Invoking: GNU ARM Cross C Compiler'
arm-none-eabi-gcc -mcpu=cortex-m3 -mthumb -Og -fmessage-length=0 -fsigned-char -ffunction-sections -fdata-sections -ffreestanding -fno-move-loop-invariants -Wall -Wextra  -g3 -DDEBUG -DUSE_FULL_ASSERT -DTRACE -DOS_USE_TRACE_SEMIHOSTING_DEBUG -DSTM32F10X_MD -DUSE_STDPERIPH_DRIVER -DHSE_VALUE=8000000 -I"../include" -I"../system/include" -I"../system/include/cmsis" -I"../system/include/stm32f1-stdperiph" -std=gnu11 -MMD -MP -MF"src/SCHEDULER_program.d" -MT"src/SCHEDULER_program.o" -c -o "src/SCHEDULER_program.o" "../src/SCHEDULER_program.c"
../src/SCHEDULER_program.c: In function 'setOSFlag':
../src/SCHEDULER_program.c:49:12: warning: variable 'OSFlag' set but not used [-Wunused-but-set-variable]
  static u8 OSFlag =0;
            ^~~~~~
'Finished building: ../src/SCHEDULER_program.c'
' '
'Building file: ../src/main.c'
'Invoking: GNU ARM Cross C Compiler'
arm-none-eabi-gcc -mcpu=cortex-m3 -mthumb -Og -fmessage-length=0 -fsigned-char -ffunction-sections -fdata-sections -ffreestanding -fno-move-loop-invariants -Wall -Wextra  -g3 -DDEBUG -DUSE_FULL_ASSERT -DTRACE -DOS_USE_TRACE_SEMIHOSTING_DEBUG -DSTM32F10X_MD -DUSE_STDPERIPH_DRIVER -DHSE_VALUE=8000000 -I"../include" -I"../system/include" -I"../system/include/cmsis" -I"../system/include/stm32f1-stdperiph" -std=gnu11 -MMD -MP -MF"src/main.d" -MT"src/main.o" -c -o "src/main.o" "../src/main.c"
../src/main.c: In function 'main':
../src/main.c:3:14: error: unknown type name 'task_t'
 static const task_t hamada={hamada.Runnable=Apprun,hamada.PeriodicTime=20};
              ^~~~~~
../src/main.c:3:35: error: request for member 'Runnable' in something not a structure or union
 static const task_t hamada={hamada.Runnable=Apprun,hamada.PeriodicTime=20};
                                   ^
../src/main.c:3:45: error: 'Apprun' undeclared (first use in this function)
 static const task_t hamada={hamada.Runnable=Apprun,hamada.PeriodicTime=20};
                                             ^~~~~~
../src/main.c:3:45: note: each undeclared identifier is reported only once for each function it appears in
../src/main.c:3:58: error: request for member 'PeriodicTime' in something not a structure or union
 static const task_t hamada={hamada.Runnable=Apprun,hamada.PeriodicTime=20};
                                                          ^
../src/main.c:3:52: warning: excess elements in scalar initializer
 static const task_t hamada={hamada.Runnable=Apprun,hamada.PeriodicTime=20};
                                                    ^~~~~~
../src/main.c:3:52: note: (near initialization for 'hamada')
../src/main.c:3:21: warning: variable 'hamada' set but not used [-Wunused-but-set-variable]
 static const task_t hamada={hamada.Runnable=Apprun,hamada.PeriodicTime=20};
                     ^~~~~~
../src/main.c:4:1: warning: control reaches end of non-void function [-Wreturn-type]
 }
 ^
src/subdir.mk:21: recipe for target 'src/main.o' failed
make: *** [src/main.o] Error 1
"make all" terminated with exit code 2. Build might be incomplete.
22:09:21 **** Incremental Build of configuration Debug for project SCHEDULER_Driver ****
make all 
'Building file: ../src/SCHEDULER_program.c'
'Invoking: GNU ARM Cross C Compiler'
arm-none-eabi-gcc -mcpu=cortex-m3 -mthumb -Og -fmessage-length=0 -fsigned-char -ffunction-sections -fdata-sections -ffreestanding -fno-move-loop-invariants -Wall -Wextra  -g3 -DDEBUG -DUSE_FULL_ASSERT -DTRACE -DOS_USE_TRACE_SEMIHOSTING_DEBUG -DSTM32F10X_MD -DUSE_STDPERIPH_DRIVER -DHSE_VALUE=8000000 -I"../include" -I"../system/include" -I"../system/include/cmsis" -I"../system/include/stm32f1-stdperiph" -std=gnu11 -MMD -MP -MF"src/SCHEDULER_program.d" -MT"src/SCHEDULER_program.o" -c -o "src/SCHEDULER_program.o" "../src/SCHEDULER_program.c"
'Finished building: ../src/SCHEDULER_program.c'
' '
'Building file: ../src/main.c'
'Invoking: GNU ARM Cross C Compiler'
arm-none-eabi-gcc -mcpu=cortex-m3 -mthumb -Og -fmessage-length=0 -fsigned-char -ffunction-sections -fdata-sections -ffreestanding -fno-move-loop-invariants -Wall -Wextra  -g3 -DDEBUG -DUSE_FULL_ASSERT -DTRACE -DOS_USE_TRACE_SEMIHOSTING_DEBUG -DSTM32F10X_MD -DUSE_STDPERIPH_DRIVER -DHSE_VALUE=8000000 -I"../include" -I"../system/include" -I"../system/include/cmsis" -I"../system/include/stm32f1-stdperiph" -std=gnu11 -MMD -MP -MF"src/main.d" -MT"src/main.o" -c -o "src/main.o" "../src/main.c"
../src/main.c: In function 'main':
../src/main.c:3:14: error: unknown type name 'task_t'
 static const task_t hamada={hamada.Runnable=Apprun,hamada.PeriodicTime=20};
              ^~~~~~
../src/main.c:3:35: error: request for member 'Runnable' in something not a structure or union
 static const task_t hamada={hamada.Runnable=Apprun,hamada.PeriodicTime=20};
                                   ^
../src/main.c:3:45: error: 'Apprun' undeclared (first use in this function)
 static const task_t hamada={hamada.Runnable=Apprun,hamada.PeriodicTime=20};
                                             ^~~~~~
../src/main.c:3:45: note: each undeclared identifier is reported only once for each function it appears in
../src/main.c:3:58: error: request for member 'PeriodicTime' in something not a structure or union
 static const task_t hamada={hamada.Runnable=Apprun,hamada.PeriodicTime=20};
                                                          ^
../src/main.c:3:52: warning: excess elements in scalar initializer
 static const task_t hamada={hamada.Runnable=Apprun,hamada.PeriodicTime=20};
                                                    ^~~~~~
../src/main.c:3:52: note: (near initialization for 'hamada')
../src/main.c:3:21: warning: variable 'hamada' set but not used [-Wunused-but-set-variable]
 static const task_t hamada={hamada.Runnable=Apprun,hamada.PeriodicTime=20};
                     ^~~~~~
../src/main.c:4:1: warning: control reaches end of non-void function [-Wreturn-type]
 }
 ^
src/subdir.mk:21: recipe for target 'src/main.o' failed
make: *** [src/main.o] Error 1
"make all" terminated with exit code 2. Build might be incomplete.
22:12:13 **** Incremental Build of configuration Debug for project SCHEDULER_Driver ****
make all 
'Building file: ../src/SCHEDULER_program.c'
'Invoking: GNU ARM Cross C Compiler'
arm-none-eabi-gcc -mcpu=cortex-m3 -mthumb -Og -fmessage-length=0 -fsigned-char -ffunction-sections -fdata-sections -ffreestanding -fno-move-loop-invariants -Wall -Wextra  -g3 -DDEBUG -DUSE_FULL_ASSERT -DTRACE -DOS_USE_TRACE_SEMIHOSTING_DEBUG -DSTM32F10X_MD -DUSE_STDPERIPH_DRIVER -DHSE_VALUE=8000000 -I"../include" -I"../system/include" -I"../system/include/cmsis" -I"../system/include/stm32f1-stdperiph" -std=gnu11 -MMD -MP -MF"src/SCHEDULER_program.d" -MT"src/SCHEDULER_program.o" -c -o "src/SCHEDULER_program.o" "../src/SCHEDULER_program.c"
'Finished building: ../src/SCHEDULER_program.c'
' '
'Building file: ../src/main.c'
'Invoking: GNU ARM Cross C Compiler'
arm-none-eabi-gcc -mcpu=cortex-m3 -mthumb -Og -fmessage-length=0 -fsigned-char -ffunction-sections -fdata-sections -ffreestanding -fno-move-loop-invariants -Wall -Wextra  -g3 -DDEBUG -DUSE_FULL_ASSERT -DTRACE -DOS_USE_TRACE_SEMIHOSTING_DEBUG -DSTM32F10X_MD -DUSE_STDPERIPH_DRIVER -DHSE_VALUE=8000000 -I"../include" -I"../system/include" -I"../system/include/cmsis" -I"../system/include/stm32f1-stdperiph" -std=gnu11 -MMD -MP -MF"src/main.d" -MT"src/main.o" -c -o "src/main.o" "../src/main.c"
../src/main.c: In function 'main':
../src/main.c:4:1: warning: control reaches end of non-void function [-Wreturn-type]
 }
 ^
'Finished building: ../src/main.c'
' '
'Building target: SCHEDULER_Driver.elf'
'Invoking: GNU ARM Cross C++ Linker'
arm-none-eabi-g++ -mcpu=cortex-m3 -mthumb -Og -fmessage-length=0 -fsigned-char -ffunction-sections -fdata-sections -ffreestanding -fno-move-loop-invariants -Wall -Wextra  -g3 -T mem.ld -T libs.ld -T sections.ld -nostartfiles -Xlinker --gc-sections -L"../ldscripts" -Wl,-Map,"SCHEDULER_Driver.map" --specs=nano.specs -o "SCHEDULER_Driver.elf"  ./system/src/stm32f1-stdperiph/misc.o ./system/src/stm32f1-stdperiph/stm32f10x_gpio.o ./system/src/stm32f1-stdperiph/stm32f10x_rcc.o  ./system/src/newlib/_cxx.o ./system/src/newlib/_exit.o ./system/src/newlib/_sbrk.o ./system/src/newlib/_startup.o ./system/src/newlib/_syscalls.o ./system/src/newlib/assert.o  ./system/src/diag/Trace.o ./system/src/diag/trace_impl.o  ./system/src/cortexm/_initialize_hardware.o ./system/src/cortexm/_reset_hardware.o ./system/src/cortexm/exception_handlers.o  ./system/src/cmsis/system_stm32f10x.o ./system/src/cmsis/vectors_stm32f10x.o  ./src/SCHEDULER_program.o ./src/main.o   
'Finished building target: SCHEDULER_Driver.elf'
' '
'Invoking: GNU ARM Cross Create Flash Image'
arm-none-eabi-objcopy -O ihex "SCHEDULER_Driver.elf"  "SCHEDULER_Driver.hex"
'Finished building: SCHEDULER_Driver.hex'
' '
'Invoking: GNU ARM Cross Print Size'
arm-none-eabi-size --format=berkeley "SCHEDULER_Driver.elf"
   text	   data	    bss	    dec	    hex	filename
   4407	    176	    424	   5007	   138f	SCHEDULER_Driver.elf
'Finished building: SCHEDULER_Driver.siz'
' '
23:09:26 **** Incremental Build of configuration Debug for project SCHEDULER_Driver ****
make all 
'Building file: ../src/SCHEDULER_config.c'
'Invoking: GNU ARM Cross C Compiler'
arm-none-eabi-gcc -mcpu=cortex-m3 -mthumb -Og -fmessage-length=0 -fsigned-char -ffunction-sections -fdata-sections -ffreestanding -fno-move-loop-invariants -Wall -Wextra  -g3 -DDEBUG -DUSE_FULL_ASSERT -DTRACE -DOS_USE_TRACE_SEMIHOSTING_DEBUG -DSTM32F10X_MD -DUSE_STDPERIPH_DRIVER -DHSE_VALUE=8000000 -I"../include" -I"../system/include" -I"../system/include/cmsis" -I"../system/include/stm32f1-stdperiph" -std=gnu11 -MMD -MP -MF"src/SCHEDULER_config.d" -MT"src/SCHEDULER_config.o" -c -o "src/SCHEDULER_config.o" "../src/SCHEDULER_config.c"
../src/SCHEDULER_config.c:9:8: error: unknown type name 'task_t'
  const task_t*const appTask;
        ^~~~~~
../src/SCHEDULER_config.c:10:2: error: unknown type name 'u32'
  u32 delayTicks;
  ^~~
../src/SCHEDULER_config.c:13:8: error: unknown type name 'task_t'
 extern task_t app1;
        ^~~~~~
../src/SCHEDULER_config.c:14:8: error: unknown type name 'task_t'
 extern task_t app2;
        ^~~~~~
../src/SCHEDULER_config.c:15:8: error: unknown type name 'task_t'
 extern task_t LCDTask;
        ^~~~~~
../src/SCHEDULER_config.c:16:8: error: unknown type name 'task_t'
 extern task_t SwitchTask;
        ^~~~~~
make: *** [src/SCHEDULER_config.o] Error 1
src/subdir.mk:24: recipe for target 'src/SCHEDULER_config.o' failed
"make all" terminated with exit code 2. Build might be incomplete.
23:10:15 **** Incremental Build of configuration Debug for project SCHEDULER_Driver ****
make all 
'Building file: ../src/SCHEDULER_config.c'
'Invoking: GNU ARM Cross C Compiler'
arm-none-eabi-gcc -mcpu=cortex-m3 -mthumb -Og -fmessage-length=0 -fsigned-char -ffunction-sections -fdata-sections -ffreestanding -fno-move-loop-invariants -Wall -Wextra  -g3 -DDEBUG -DUSE_FULL_ASSERT -DTRACE -DOS_USE_TRACE_SEMIHOSTING_DEBUG -DSTM32F10X_MD -DUSE_STDPERIPH_DRIVER -DHSE_VALUE=8000000 -I"../include" -I"../system/include" -I"../system/include/cmsis" -I"../system/include/stm32f1-stdperiph" -std=gnu11 -MMD -MP -MF"src/SCHEDULER_config.d" -MT"src/SCHEDULER_config.o" -c -o "src/SCHEDULER_config.o" "../src/SCHEDULER_config.c"
'Finished building: ../src/SCHEDULER_config.c'
' '
'Building file: ../src/SCHEDULER_program.c'
'Invoking: GNU ARM Cross C Compiler'
arm-none-eabi-gcc -mcpu=cortex-m3 -mthumb -Og -fmessage-length=0 -fsigned-char -ffunction-sections -fdata-sections -ffreestanding -fno-move-loop-invariants -Wall -Wextra  -g3 -DDEBUG -DUSE_FULL_ASSERT -DTRACE -DOS_USE_TRACE_SEMIHOSTING_DEBUG -DSTM32F10X_MD -DUSE_STDPERIPH_DRIVER -DHSE_VALUE=8000000 -I"../include" -I"../system/include" -I"../system/include/cmsis" -I"../system/include/stm32f1-stdperiph" -std=gnu11 -MMD -MP -MF"src/SCHEDULER_program.d" -MT"src/SCHEDULER_program.o" -c -o "src/SCHEDULER_program.o" "../src/SCHEDULER_program.c"
../src/SCHEDULER_program.c:15:8: error: unknown type name 'systask_t'
 static systask_t sysTasks[MAX];
        ^~~~~~~~~
../src/SCHEDULER_program.c:27:2: error: unknown type name 'sysTa'
  sysTa* appTask;
  ^~~~~
../src/SCHEDULER_program.c: In function 'Scheduler':
../src/SCHEDULER_program.c:41:17: error: request for member 'RemainToExec' in something not a structure or union
   if(sysTasks[i].RemainToExec == 0)
                 ^
../src/SCHEDULER_program.c:43:15: error: request for member 'appTask' in something not a structure or union
    sysTasks[i].appTask->Runnable();
               ^
../src/SCHEDULER_program.c:45:15: error: request for member 'RemainToExec' in something not a structure or union
    sysTasks[i].RemainToExec = sysTasks[i].PeriodTicks;
               ^
../src/SCHEDULER_program.c:45:42: error: request for member 'PeriodTicks' in something not a structure or union
    sysTasks[i].RemainToExec = sysTasks[i].PeriodTicks;
                                          ^
../src/SCHEDULER_program.c:50:14: error: request for member 'RemainToExec' in something not a structure or union
   sysTasks[i].RemainToExec--;
              ^
../src/SCHEDULER_program.c: In function 'sched_CreateTask':
../src/SCHEDULER_program.c:85:30: error: request for member 'appTask' in something not a structure or union
   sysTasks[appTask->Priority].appTask     = appTask;
                              ^
../src/SCHEDULER_program.c:86:30: error: request for member 'PeriodTicks' in something not a structure or union
   sysTasks[appTask->Priority].PeriodTicks = ((appTask->PeriodicTime)/TICK_MS);
                              ^
src/subdir.mk:24: recipe for target 'src/SCHEDULER_program.o' failed
make: *** [src/SCHEDULER_program.o] Error 1
"make all" terminated with exit code 2. Build might be incomplete.
23:10:35 **** Incremental Build of configuration Debug for project SCHEDULER_Driver ****
make all 
'Building file: ../src/SCHEDULER_program.c'
'Invoking: GNU ARM Cross C Compiler'
arm-none-eabi-gcc -mcpu=cortex-m3 -mthumb -Og -fmessage-length=0 -fsigned-char -ffunction-sections -fdata-sections -ffreestanding -fno-move-loop-invariants -Wall -Wextra  -g3 -DDEBUG -DUSE_FULL_ASSERT -DTRACE -DOS_USE_TRACE_SEMIHOSTING_DEBUG -DSTM32F10X_MD -DUSE_STDPERIPH_DRIVER -DHSE_VALUE=8000000 -I"../include" -I"../system/include" -I"../system/include/cmsis" -I"../system/include/stm32f1-stdperiph" -std=gnu11 -MMD -MP -MF"src/SCHEDULER_program.d" -MT"src/SCHEDULER_program.o" -c -o "src/SCHEDULER_program.o" "../src/SCHEDULER_program.c"
../src/SCHEDULER_program.c:15:8: error: unknown type name 'systask_t'
 static systask_t sysTasks[MAX];
        ^~~~~~~~~
../src/SCHEDULER_program.c:27:2: error: unknown type name 'sysTa'
  sysTa* appTask;
  ^~~~~
../src/SCHEDULER_program.c: In function 'Scheduler':
../src/SCHEDULER_program.c:41:17: error: request for member 'RemainToExec' in something not a structure or union
   if(sysTasks[i].RemainToExec == 0)
                 ^
../src/SCHEDULER_program.c:43:15: error: request for member 'appTask' in something not a structure or union
    sysTasks[i].appTask->Runnable();
               ^
../src/SCHEDULER_program.c:45:15: error: request for member 'RemainToExec' in something not a structure or union
    sysTasks[i].RemainToExec = sysTasks[i].PeriodTicks;
               ^
../src/SCHEDULER_program.c:45:42: error: request for member 'PeriodTicks' in something not a structure or union
    sysTasks[i].RemainToExec = sysTasks[i].PeriodTicks;
                                          ^
../src/SCHEDULER_program.c:50:14: error: request for member 'RemainToExec' in something not a structure or union
   sysTasks[i].RemainToExec--;
              ^
../src/SCHEDULER_program.c: In function 'sched_CreateTask':
../src/SCHEDULER_program.c:85:30: error: request for member 'appTask' in something not a structure or union
   sysTasks[appTask->Priority].appTask     = appTask;
                              ^
../src/SCHEDULER_program.c:86:30: error: request for member 'PeriodTicks' in something not a structure or union
   sysTasks[appTask->Priority].PeriodTicks = ((appTask->PeriodicTime)/TICK_MS);
                              ^
make: *** [src/SCHEDULER_program.o] Error 1
src/subdir.mk:24: recipe for target 'src/SCHEDULER_program.o' failed
"make all" terminated with exit code 2. Build might be incomplete.
23:15:13 **** Incremental Build of configuration Debug for project SCHEDULER_Driver ****
make all 
'Building file: ../src/SCHEDULER_program.c'
'Invoking: GNU ARM Cross C Compiler'
arm-none-eabi-gcc -mcpu=cortex-m3 -mthumb -Og -fmessage-length=0 -fsigned-char -ffunction-sections -fdata-sections -ffreestanding -fno-move-loop-invariants -Wall -Wextra  -g3 -DDEBUG -DUSE_FULL_ASSERT -DTRACE -DOS_USE_TRACE_SEMIHOSTING_DEBUG -DSTM32F10X_MD -DUSE_STDPERIPH_DRIVER -DHSE_VALUE=8000000 -I"../include" -I"../system/include" -I"../system/include/cmsis" -I"../system/include/stm32f1-stdperiph" -std=gnu11 -MMD -MP -MF"src/SCHEDULER_program.d" -MT"src/SCHEDULER_program.o" -c -o "src/SCHEDULER_program.o" "../src/SCHEDULER_program.c"
../src/SCHEDULER_program.c:23:2: error: expected specifier-qualifier-list before 'extern'
  extern sys* appTask;
  ^~~~~~
../src/SCHEDULER_program.c: In function 'Scheduler':
../src/SCHEDULER_program.c:42:17: error: 'systask_t' {aka 'struct <anonymous>'} has no member named 'RemainToExec'
   if(sysTasks[i].RemainToExec == 0)
                 ^
../src/SCHEDULER_program.c:44:15: error: 'systask_t' {aka 'struct <anonymous>'} has no member named 'appTask'
    sysTasks[i].appTask->Runnable();
               ^
../src/SCHEDULER_program.c:46:15: error: 'systask_t' {aka 'struct <anonymous>'} has no member named 'RemainToExec'
    sysTasks[i].RemainToExec = sysTasks[i].PeriodTicks;
               ^
../src/SCHEDULER_program.c:46:42: error: 'systask_t' {aka 'struct <anonymous>'} has no member named 'PeriodTicks'
    sysTasks[i].RemainToExec = sysTasks[i].PeriodTicks;
                                          ^
../src/SCHEDULER_program.c:51:14: error: 'systask_t' {aka 'struct <anonymous>'} has no member named 'RemainToExec'
   sysTasks[i].RemainToExec--;
              ^
../src/SCHEDULER_program.c: In function 'sched_CreateTask':
../src/SCHEDULER_program.c:86:30: error: 'systask_t' {aka 'struct <anonymous>'} has no member named 'appTask'
   sysTasks[appTask->Priority].appTask     = appTask;
                              ^
../src/SCHEDULER_program.c:87:30: error: 'systask_t' {aka 'struct <anonymous>'} has no member named 'PeriodTicks'
   sysTasks[appTask->Priority].PeriodTicks = ((appTask->PeriodicTime)/TICK_MS);
                              ^
make: *** [src/SCHEDULER_program.o] Error 1
src/subdir.mk:24: recipe for target 'src/SCHEDULER_program.o' failed
"make all" terminated with exit code 2. Build might be incomplete.
23:16:11 **** Incremental Build of configuration Debug for project SCHEDULER_Driver ****
make all 
'Building file: ../src/SCHEDULER_config.c'
'Invoking: GNU ARM Cross C Compiler'
arm-none-eabi-gcc -mcpu=cortex-m3 -mthumb -Og -fmessage-length=0 -fsigned-char -ffunction-sections -fdata-sections -ffreestanding -fno-move-loop-invariants -Wall -Wextra  -g3 -DDEBUG -DUSE_FULL_ASSERT -DTRACE -DOS_USE_TRACE_SEMIHOSTING_DEBUG -DSTM32F10X_MD -DUSE_STDPERIPH_DRIVER -DHSE_VALUE=8000000 -I"../include" -I"../system/include" -I"../system/include/cmsis" -I"../system/include/stm32f1-stdperiph" -std=gnu11 -MMD -MP -MF"src/SCHEDULER_config.d" -MT"src/SCHEDULER_config.o" -c -o "src/SCHEDULER_config.o" "../src/SCHEDULER_config.c"
../src/SCHEDULER_config.c:16:1: error: multiple storage classes in declaration specifiers
 extern typedef struct{
 ^~~~~~
../src/SCHEDULER_config.c:26:21: error: expected '=', ',', ';', 'asm' or '__attribute__' before 'stsTaskInfo'
 const sysTaskInfo_t stsTaskInfo[]={
                     ^~~~~~~~~~~
src/subdir.mk:24: recipe for target 'src/SCHEDULER_config.o' failed
make: *** [src/SCHEDULER_config.o] Error 1
"make all" terminated with exit code 2. Build might be incomplete.
23:16:21 **** Incremental Build of configuration Debug for project SCHEDULER_Driver ****
make all 
'Building file: ../src/SCHEDULER_config.c'
'Invoking: GNU ARM Cross C Compiler'
arm-none-eabi-gcc -mcpu=cortex-m3 -mthumb -Og -fmessage-length=0 -fsigned-char -ffunction-sections -fdata-sections -ffreestanding -fno-move-loop-invariants -Wall -Wextra  -g3 -DDEBUG -DUSE_FULL_ASSERT -DTRACE -DOS_USE_TRACE_SEMIHOSTING_DEBUG -DSTM32F10X_MD -DUSE_STDPERIPH_DRIVER -DHSE_VALUE=8000000 -I"../include" -I"../system/include" -I"../system/include/cmsis" -I"../system/include/stm32f1-stdperiph" -std=gnu11 -MMD -MP -MF"src/SCHEDULER_config.d" -MT"src/SCHEDULER_config.o" -c -o "src/SCHEDULER_config.o" "../src/SCHEDULER_config.c"
'Finished building: ../src/SCHEDULER_config.c'
' '
'Building file: ../src/SCHEDULER_program.c'
'Invoking: GNU ARM Cross C Compiler'
arm-none-eabi-gcc -mcpu=cortex-m3 -mthumb -Og -fmessage-length=0 -fsigned-char -ffunction-sections -fdata-sections -ffreestanding -fno-move-loop-invariants -Wall -Wextra  -g3 -DDEBUG -DUSE_FULL_ASSERT -DTRACE -DOS_USE_TRACE_SEMIHOSTING_DEBUG -DSTM32F10X_MD -DUSE_STDPERIPH_DRIVER -DHSE_VALUE=8000000 -I"../include" -I"../system/include" -I"../system/include/cmsis" -I"../system/include/stm32f1-stdperiph" -std=gnu11 -MMD -MP -MF"src/SCHEDULER_program.d" -MT"src/SCHEDULER_program.o" -c -o "src/SCHEDULER_program.o" "../src/SCHEDULER_program.c"
../src/SCHEDULER_program.c:23:2: error: expected specifier-qualifier-list before 'extern'
  extern * appTask;
  ^~~~~~
../src/SCHEDULER_program.c: In function 'Scheduler':
../src/SCHEDULER_program.c:43:17: error: 'systask_t' {aka 'struct <anonymous>'} has no member named 'RemainToExec'
   if(sysTasks[i].RemainToExec == 0)
                 ^
../src/SCHEDULER_program.c:45:15: error: 'systask_t' {aka 'struct <anonymous>'} has no member named 'appTask'
    sysTasks[i].appTask->Runnable();
               ^
../src/SCHEDULER_program.c:47:15: error: 'systask_t' {aka 'struct <anonymous>'} has no member named 'RemainToExec'
    sysTasks[i].RemainToExec = sysTasks[i].PeriodTicks;
               ^
../src/SCHEDULER_program.c:47:42: error: 'systask_t' {aka 'struct <anonymous>'} has no member named 'PeriodTicks'
    sysTasks[i].RemainToExec = sysTasks[i].PeriodTicks;
                                          ^
../src/SCHEDULER_program.c:52:14: error: 'systask_t' {aka 'struct <anonymous>'} has no member named 'RemainToExec'
   sysTasks[i].RemainToExec--;
              ^
../src/SCHEDULER_program.c: In function 'sched_CreateTask':
../src/SCHEDULER_program.c:87:30: error: 'systask_t' {aka 'struct <anonymous>'} has no member named 'appTask'
   sysTasks[appTask->Priority].appTask     = appTask;
                              ^
../src/SCHEDULER_program.c:88:30: error: 'systask_t' {aka 'struct <anonymous>'} has no member named 'PeriodTicks'
   sysTasks[appTask->Priority].PeriodTicks = ((appTask->PeriodicTime)/TICK_MS);
                              ^
make: *** [src/SCHEDULER_program.o] Error 1
src/subdir.mk:24: recipe for target 'src/SCHEDULER_program.o' failed
"make all" terminated with exit code 2. Build might be incomplete.
23:16:28 **** Incremental Build of configuration Debug for project SCHEDULER_Driver ****
make all 
'Building file: ../src/SCHEDULER_config.c'
'Invoking: GNU ARM Cross C Compiler'
arm-none-eabi-gcc -mcpu=cortex-m3 -mthumb -Og -fmessage-length=0 -fsigned-char -ffunction-sections -fdata-sections -ffreestanding -fno-move-loop-invariants -Wall -Wextra  -g3 -DDEBUG -DUSE_FULL_ASSERT -DTRACE -DOS_USE_TRACE_SEMIHOSTING_DEBUG -DSTM32F10X_MD -DUSE_STDPERIPH_DRIVER -DHSE_VALUE=8000000 -I"../include" -I"../system/include" -I"../system/include/cmsis" -I"../system/include/stm32f1-stdperiph" -std=gnu11 -MMD -MP -MF"src/SCHEDULER_config.d" -MT"src/SCHEDULER_config.o" -c -o "src/SCHEDULER_config.o" "../src/SCHEDULER_config.c"
../src/SCHEDULER_config.c:16:1: error: multiple storage classes in declaration specifiers
 extern typedef struct{
 ^~~~~~
../src/SCHEDULER_config.c:26:21: error: expected '=', ',', ';', 'asm' or '__attribute__' before 'stsTaskInfo'
 const sysTaskInfo_t stsTaskInfo[]={
                     ^~~~~~~~~~~
src/subdir.mk:24: recipe for target 'src/SCHEDULER_config.o' failed
make: *** [src/SCHEDULER_config.o] Error 1
"make all" terminated with exit code 2. Build might be incomplete.
23:30:05 **** Incremental Build of configuration Debug for project SCHEDULER_Driver ****
make all 
'Building file: ../src/SCHEDULER_config.c'
'Invoking: GNU ARM Cross C Compiler'
arm-none-eabi-gcc -mcpu=cortex-m3 -mthumb -Og -fmessage-length=0 -fsigned-char -ffunction-sections -fdata-sections -ffreestanding -fno-move-loop-invariants -Wall -Wextra  -g3 -DDEBUG -DUSE_FULL_ASSERT -DTRACE -DOS_USE_TRACE_SEMIHOSTING_DEBUG -DSTM32F10X_MD -DUSE_STDPERIPH_DRIVER -DHSE_VALUE=8000000 -I"../include" -I"../system/include" -I"../system/include/cmsis" -I"../system/include/stm32f1-stdperiph" -std=gnu11 -MMD -MP -MF"src/SCHEDULER_config.d" -MT"src/SCHEDULER_config.o" -c -o "src/SCHEDULER_config.o" "../src/SCHEDULER_config.c"
../src/SCHEDULER_config.c:16:1: error: multiple storage classes in declaration specifiers
 extern typedef struct{
 ^~~~~~
../src/SCHEDULER_config.c:26:21: error: expected '=', ',', ';', 'asm' or '__attribute__' before 'sysTaskInfo'
 const sysTaskInfo_t sysTaskInfo[]={
                     ^~~~~~~~~~~
make: *** [src/SCHEDULER_config.o] Error 1
src/subdir.mk:24: recipe for target 'src/SCHEDULER_config.o' failed
"make all" terminated with exit code 2. Build might be incomplete.
